{"C:\\Users\\AbrilAguero\\Documents\\GitHub\\challenge-movies\\postcss.config.js": {"path":"C:\\Users\\AbrilAguero\\Documents\\GitHub\\challenge-movies\\postcss.config.js","all":true,"statementMap":{"0":{"start":{"line":1,"column":0},"end":{"line":1,"column":16}},"1":{"start":{"line":2,"column":0},"end":{"line":2,"column":12}},"2":{"start":{"line":3,"column":0},"end":{"line":3,"column":20}},"3":{"start":{"line":4,"column":0},"end":{"line":4,"column":21}},"4":{"start":{"line":5,"column":0},"end":{"line":5,"column":4}},"5":{"start":{"line":6,"column":0},"end":{"line":6,"column":2}}},"s":{"0":0,"1":0,"2":0,"3":0,"4":0,"5":0},"branchMap":{"0":{"type":"branch","line":1,"loc":{"start":{"line":1,"column":85},"end":{"line":6,"column":2}},"locations":[{"start":{"line":1,"column":85},"end":{"line":6,"column":2}}]}},"b":{"0":[0]},"fnMap":{"0":{"name":"(empty-report)","decl":{"start":{"line":1,"column":85},"end":{"line":6,"column":2}},"loc":{"start":{"line":1,"column":85},"end":{"line":6,"column":2}},"line":1}},"f":{"0":0}}
,"C:\\Users\\AbrilAguero\\Documents\\GitHub\\challenge-movies\\tailwind.config.js": {"path":"C:\\Users\\AbrilAguero\\Documents\\GitHub\\challenge-movies\\tailwind.config.js","all":true,"statementMap":{"0":{"start":{"line":1,"column":0},"end":{"line":1,"column":43}},"1":{"start":{"line":2,"column":0},"end":{"line":2,"column":16}},"2":{"start":{"line":3,"column":0},"end":{"line":3,"column":65}},"3":{"start":{"line":4,"column":0},"end":{"line":4,"column":10}},"4":{"start":{"line":5,"column":0},"end":{"line":5,"column":13}},"5":{"start":{"line":6,"column":0},"end":{"line":6,"column":15}},"6":{"start":{"line":7,"column":0},"end":{"line":7,"column":15}},"7":{"start":{"line":8,"column":0},"end":{"line":8,"column":29}},"8":{"start":{"line":9,"column":0},"end":{"line":9,"column":31}},"9":{"start":{"line":10,"column":0},"end":{"line":10,"column":45}},"10":{"start":{"line":11,"column":0},"end":{"line":11,"column":10}},"11":{"start":{"line":12,"column":0},"end":{"line":12,"column":17}},"12":{"start":{"line":13,"column":0},"end":{"line":13,"column":29}},"13":{"start":{"line":14,"column":0},"end":{"line":14,"column":31}},"14":{"start":{"line":15,"column":0},"end":{"line":15,"column":10}},"15":{"start":{"line":16,"column":0},"end":{"line":16,"column":8}},"16":{"start":{"line":17,"column":0},"end":{"line":17,"column":36}},"17":{"start":{"line":18,"column":0},"end":{"line":18,"column":27}},"18":{"start":{"line":19,"column":0},"end":{"line":19,"column":9}},"19":{"start":{"line":20,"column":0},"end":{"line":20,"column":32}},"20":{"start":{"line":21,"column":0},"end":{"line":21,"column":27}},"21":{"start":{"line":22,"column":0},"end":{"line":22,"column":9}},"22":{"start":{"line":23,"column":0},"end":{"line":23,"column":19}},"23":{"start":{"line":24,"column":0},"end":{"line":24,"column":60}},"24":{"start":{"line":25,"column":0},"end":{"line":25,"column":8}},"25":{"start":{"line":26,"column":0},"end":{"line":26,"column":6}},"26":{"start":{"line":27,"column":0},"end":{"line":27,"column":4}},"27":{"start":{"line":28,"column":0},"end":{"line":28,"column":14}},"28":{"start":{"line":29,"column":0},"end":{"line":29,"column":2}}},"s":{"0":0,"1":0,"2":0,"3":0,"4":0,"5":0,"6":0,"7":0,"8":0,"9":0,"10":0,"11":0,"12":0,"13":0,"14":0,"15":0,"16":0,"17":0,"18":0,"19":0,"20":0,"21":0,"22":0,"23":0,"24":0,"25":0,"26":0,"27":0,"28":0},"branchMap":{"0":{"type":"branch","line":1,"loc":{"start":{"line":1,"column":696},"end":{"line":29,"column":2}},"locations":[{"start":{"line":1,"column":696},"end":{"line":29,"column":2}}]}},"b":{"0":[0]},"fnMap":{"0":{"name":"(empty-report)","decl":{"start":{"line":1,"column":696},"end":{"line":29,"column":2}},"loc":{"start":{"line":1,"column":696},"end":{"line":29,"column":2}},"line":1}},"f":{"0":0}}
,"C:\\Users\\AbrilAguero\\Documents\\GitHub\\challenge-movies\\src\\App.tsx": {"path":"C:\\Users\\AbrilAguero\\Documents\\GitHub\\challenge-movies\\src\\App.tsx","all":true,"statementMap":{"0":{"start":{"line":1,"column":0},"end":{"line":1,"column":64}},"1":{"start":{"line":2,"column":0},"end":{"line":2,"column":65}},"2":{"start":{"line":3,"column":0},"end":{"line":3,"column":73}},"3":{"start":{"line":4,"column":0},"end":{"line":4,"column":60}},"4":{"start":{"line":5,"column":0},"end":{"line":5,"column":49}},"6":{"start":{"line":7,"column":0},"end":{"line":7,"column":16}},"7":{"start":{"line":8,"column":0},"end":{"line":8,"column":10}},"8":{"start":{"line":9,"column":0},"end":{"line":9,"column":19}},"9":{"start":{"line":10,"column":0},"end":{"line":10,"column":21}},"10":{"start":{"line":11,"column":0},"end":{"line":11,"column":23}},"11":{"start":{"line":12,"column":0},"end":{"line":12,"column":18}},"12":{"start":{"line":13,"column":0},"end":{"line":13,"column":53}},"13":{"start":{"line":14,"column":0},"end":{"line":14,"column":52}},"14":{"start":{"line":15,"column":0},"end":{"line":15,"column":20}},"15":{"start":{"line":16,"column":0},"end":{"line":16,"column":19}},"16":{"start":{"line":17,"column":0},"end":{"line":17,"column":24}},"17":{"start":{"line":18,"column":0},"end":{"line":18,"column":22}},"18":{"start":{"line":19,"column":0},"end":{"line":19,"column":20}},"20":{"start":{"line":21,"column":0},"end":{"line":21,"column":1}},"22":{"start":{"line":23,"column":0},"end":{"line":23,"column":19}}},"s":{"0":0,"1":0,"2":0,"3":0,"4":0,"6":0,"7":0,"8":0,"9":0,"10":0,"11":0,"12":0,"13":0,"14":0,"15":0,"16":0,"17":0,"18":0,"20":0,"22":0},"branchMap":{"0":{"type":"branch","line":1,"loc":{"start":{"line":1,"column":696},"end":{"line":23,"column":19}},"locations":[{"start":{"line":1,"column":696},"end":{"line":23,"column":19}}]}},"b":{"0":[0]},"fnMap":{"0":{"name":"(empty-report)","decl":{"start":{"line":1,"column":696},"end":{"line":23,"column":19}},"loc":{"start":{"line":1,"column":696},"end":{"line":23,"column":19}},"line":1}},"f":{"0":0}}
,"C:\\Users\\AbrilAguero\\Documents\\GitHub\\challenge-movies\\src\\main.tsx": {"path":"C:\\Users\\AbrilAguero\\Documents\\GitHub\\challenge-movies\\src\\main.tsx","all":true,"statementMap":{"0":{"start":{"line":1,"column":0},"end":{"line":1,"column":35}},"1":{"start":{"line":2,"column":0},"end":{"line":2,"column":46}},"2":{"start":{"line":3,"column":0},"end":{"line":3,"column":24}},"3":{"start":{"line":4,"column":0},"end":{"line":4,"column":21}},"5":{"start":{"line":6,"column":0},"end":{"line":6,"column":51}},"6":{"start":{"line":7,"column":0},"end":{"line":7,"column":14}},"7":{"start":{"line":8,"column":0},"end":{"line":8,"column":11}},"8":{"start":{"line":9,"column":0},"end":{"line":9,"column":15}},"9":{"start":{"line":10,"column":0},"end":{"line":10,"column":2}}},"s":{"0":0,"1":0,"2":0,"3":0,"5":0,"6":0,"7":0,"8":0,"9":0},"branchMap":{"0":{"type":"branch","line":1,"loc":{"start":{"line":1,"column":209},"end":{"line":10,"column":-152}},"locations":[{"start":{"line":1,"column":209},"end":{"line":10,"column":-152}}]}},"b":{"0":[0]},"fnMap":{"0":{"name":"(empty-report)","decl":{"start":{"line":1,"column":209},"end":{"line":10,"column":-152}},"loc":{"start":{"line":1,"column":209},"end":{"line":10,"column":-152}},"line":1}},"f":{"0":0}}
,"C:\\Users\\AbrilAguero\\Documents\\GitHub\\challenge-movies\\src\\__mock__\\genres.ts": {"path":"C:\\Users\\AbrilAguero\\Documents\\GitHub\\challenge-movies\\src\\__mock__\\genres.ts","all":true,"statementMap":{"6":{"start":{"line":7,"column":0},"end":{"line":7,"column":54}},"7":{"start":{"line":8,"column":0},"end":{"line":8,"column":64}},"8":{"start":{"line":9,"column":0},"end":{"line":9,"column":65}},"9":{"start":{"line":10,"column":0},"end":{"line":10,"column":67}},"10":{"start":{"line":11,"column":0},"end":{"line":11,"column":63}},"11":{"start":{"line":12,"column":0},"end":{"line":12,"column":64}},"12":{"start":{"line":13,"column":0},"end":{"line":13,"column":65}},"13":{"start":{"line":14,"column":0},"end":{"line":14,"column":65}},"14":{"start":{"line":15,"column":0},"end":{"line":15,"column":66}},"15":{"start":{"line":16,"column":0},"end":{"line":16,"column":67}},"16":{"start":{"line":17,"column":0},"end":{"line":17,"column":67}},"17":{"start":{"line":18,"column":0},"end":{"line":18,"column":2}},"19":{"start":{"line":20,"column":0},"end":{"line":20,"column":55}},"20":{"start":{"line":21,"column":0},"end":{"line":21,"column":42}},"21":{"start":{"line":22,"column":0},"end":{"line":22,"column":44}},"22":{"start":{"line":23,"column":0},"end":{"line":23,"column":48}},"23":{"start":{"line":24,"column":0},"end":{"line":24,"column":46}},"24":{"start":{"line":25,"column":0},"end":{"line":25,"column":44}},"25":{"start":{"line":26,"column":0},"end":{"line":26,"column":50}},"26":{"start":{"line":27,"column":0},"end":{"line":27,"column":2}},"35":{"start":{"line":36,"column":0},"end":{"line":36,"column":48}},"36":{"start":{"line":37,"column":0},"end":{"line":37,"column":50}},"37":{"start":{"line":38,"column":0},"end":{"line":38,"column":52}},"38":{"start":{"line":39,"column":0},"end":{"line":39,"column":55}},"39":{"start":{"line":40,"column":0},"end":{"line":40,"column":52}},"40":{"start":{"line":41,"column":0},"end":{"line":41,"column":2}},"43":{"start":{"line":44,"column":0},"end":{"line":44,"column":32}},"44":{"start":{"line":45,"column":0},"end":{"line":45,"column":17}},"45":{"start":{"line":46,"column":0},"end":{"line":46,"column":18}},"46":{"start":{"line":47,"column":0},"end":{"line":47,"column":17}},"47":{"start":{"line":48,"column":0},"end":{"line":48,"column":14}},"48":{"start":{"line":49,"column":0},"end":{"line":49,"column":13}},"49":{"start":{"line":50,"column":0},"end":{"line":50,"column":16}},"50":{"start":{"line":51,"column":0},"end":{"line":51,"column":16}},"51":{"start":{"line":52,"column":0},"end":{"line":52,"column":4}},"52":{"start":{"line":53,"column":0},"end":{"line":53,"column":11}},"55":{"start":{"line":56,"column":0},"end":{"line":56,"column":33}},"56":{"start":{"line":57,"column":0},"end":{"line":57,"column":49}},"57":{"start":{"line":58,"column":0},"end":{"line":58,"column":50}},"58":{"start":{"line":59,"column":0},"end":{"line":59,"column":49}},"59":{"start":{"line":60,"column":0},"end":{"line":60,"column":49}},"60":{"start":{"line":61,"column":0},"end":{"line":61,"column":11}}},"s":{"6":0,"7":0,"8":0,"9":0,"10":0,"11":0,"12":0,"13":0,"14":0,"15":0,"16":0,"17":0,"19":0,"20":0,"21":0,"22":0,"23":0,"24":0,"25":0,"26":0,"35":0,"36":0,"37":0,"38":0,"39":0,"40":0,"43":0,"44":0,"45":0,"46":0,"47":0,"48":0,"49":0,"50":0,"51":0,"52":0,"55":0,"56":0,"57":0,"58":0,"59":0,"60":0},"branchMap":{"0":{"type":"branch","line":1,"loc":{"start":{"line":1,"column":2172},"end":{"line":61,"column":11}},"locations":[{"start":{"line":1,"column":2172},"end":{"line":61,"column":11}}]}},"b":{"0":[1]},"fnMap":{"0":{"name":"(empty-report)","decl":{"start":{"line":1,"column":2172},"end":{"line":61,"column":11}},"loc":{"start":{"line":1,"column":2172},"end":{"line":61,"column":11}},"line":1}},"f":{"0":1}}
,"C:\\Users\\AbrilAguero\\Documents\\GitHub\\challenge-movies\\src\\__mock__\\index.ts": {"path":"C:\\Users\\AbrilAguero\\Documents\\GitHub\\challenge-movies\\src\\__mock__\\index.ts","all":true,"statementMap":{"0":{"start":{"line":1,"column":0},"end":{"line":1,"column":25}}},"s":{"0":0},"branchMap":{"0":{"type":"branch","line":1,"loc":{"start":{"line":1,"column":0},"end":{"line":1,"column":25}},"locations":[{"start":{"line":1,"column":0},"end":{"line":1,"column":25}}]}},"b":{"0":[0]},"fnMap":{"0":{"name":"(empty-report)","decl":{"start":{"line":1,"column":0},"end":{"line":1,"column":25}},"loc":{"start":{"line":1,"column":0},"end":{"line":1,"column":25}},"line":1}},"f":{"0":0}}
,"C:\\Users\\AbrilAguero\\Documents\\GitHub\\challenge-movies\\src\\common\\constants\\genres.constants.ts": {"path":"C:\\Users\\AbrilAguero\\Documents\\GitHub\\challenge-movies\\src\\common\\constants\\genres.constants.ts","all":true,"statementMap":{"16":{"start":{"line":17,"column":0},"end":{"line":17,"column":29}},"17":{"start":{"line":18,"column":0},"end":{"line":18,"column":56}},"18":{"start":{"line":19,"column":0},"end":{"line":19,"column":56}},"19":{"start":{"line":20,"column":0},"end":{"line":20,"column":55}},"20":{"start":{"line":21,"column":0},"end":{"line":21,"column":2}}},"s":{"16":0,"17":0,"18":0,"19":0,"20":0},"branchMap":{"0":{"type":"branch","line":1,"loc":{"start":{"line":1,"column":503},"end":{"line":21,"column":2}},"locations":[{"start":{"line":1,"column":503},"end":{"line":21,"column":2}}]}},"b":{"0":[1]},"fnMap":{"0":{"name":"(empty-report)","decl":{"start":{"line":1,"column":503},"end":{"line":21,"column":2}},"loc":{"start":{"line":1,"column":503},"end":{"line":21,"column":2}},"line":1}},"f":{"0":1}}
,"C:\\Users\\AbrilAguero\\Documents\\GitHub\\challenge-movies\\src\\common\\constants\\index.ts": {"path":"C:\\Users\\AbrilAguero\\Documents\\GitHub\\challenge-movies\\src\\common\\constants\\index.ts","all":true,"statementMap":{"0":{"start":{"line":1,"column":0},"end":{"line":1,"column":35}},"1":{"start":{"line":2,"column":0},"end":{"line":2,"column":23}}},"s":{"0":0,"1":0},"branchMap":{"0":{"type":"branch","line":1,"loc":{"start":{"line":1,"column":0},"end":{"line":2,"column":-2}},"locations":[{"start":{"line":1,"column":0},"end":{"line":2,"column":-2}}]}},"b":{"0":[0]},"fnMap":{"0":{"name":"(empty-report)","decl":{"start":{"line":1,"column":0},"end":{"line":2,"column":-2}},"loc":{"start":{"line":1,"column":0},"end":{"line":2,"column":-2}},"line":1}},"f":{"0":0}}
,"C:\\Users\\AbrilAguero\\Documents\\GitHub\\challenge-movies\\src\\common\\constants\\navlinks.constants.ts": {"path":"C:\\Users\\AbrilAguero\\Documents\\GitHub\\challenge-movies\\src\\common\\constants\\navlinks.constants.ts","all":true,"statementMap":{"0":{"start":{"line":1,"column":0},"end":{"line":1,"column":26}},"1":{"start":{"line":2,"column":0},"end":{"line":2,"column":39}},"2":{"start":{"line":3,"column":0},"end":{"line":3,"column":43}},"3":{"start":{"line":4,"column":0},"end":{"line":4,"column":47}},"4":{"start":{"line":5,"column":0},"end":{"line":5,"column":37}},"5":{"start":{"line":6,"column":0},"end":{"line":6,"column":2}}},"s":{"0":0,"1":0,"2":0,"3":0,"4":0,"5":0},"branchMap":{"0":{"type":"branch","line":1,"loc":{"start":{"line":1,"column":204},"end":{"line":6,"column":2}},"locations":[{"start":{"line":1,"column":204},"end":{"line":6,"column":2}}]}},"b":{"0":[0]},"fnMap":{"0":{"name":"(empty-report)","decl":{"start":{"line":1,"column":204},"end":{"line":6,"column":2}},"loc":{"start":{"line":1,"column":204},"end":{"line":6,"column":2}},"line":1}},"f":{"0":0}}
,"C:\\Users\\AbrilAguero\\Documents\\GitHub\\challenge-movies\\src\\common\\constants\\tmdb.ts": {"path":"C:\\Users\\AbrilAguero\\Documents\\GitHub\\challenge-movies\\src\\common\\constants\\tmdb.ts","all":false,"statementMap":{"0":{"start":{"line":1,"column":0},"end":{"line":1,"column":60}},"1":{"start":{"line":2,"column":0},"end":{"line":2,"column":64}},"2":{"start":{"line":3,"column":0},"end":{"line":3,"column":27}},"3":{"start":{"line":4,"column":0},"end":{"line":4,"column":38}},"4":{"start":{"line":5,"column":0},"end":{"line":5,"column":10}},"5":{"start":{"line":6,"column":0},"end":{"line":6,"column":17}},"6":{"start":{"line":7,"column":0},"end":{"line":7,"column":70}},"7":{"start":{"line":8,"column":0},"end":{"line":8,"column":6}},"8":{"start":{"line":9,"column":0},"end":{"line":9,"column":17}},"9":{"start":{"line":10,"column":0},"end":{"line":10,"column":78}},"10":{"start":{"line":11,"column":0},"end":{"line":11,"column":6}},"11":{"start":{"line":12,"column":0},"end":{"line":12,"column":68}},"12":{"start":{"line":13,"column":0},"end":{"line":13,"column":65}},"13":{"start":{"line":14,"column":0},"end":{"line":14,"column":58}},"14":{"start":{"line":15,"column":0},"end":{"line":15,"column":22}},"15":{"start":{"line":16,"column":0},"end":{"line":16,"column":7}},"16":{"start":{"line":18,"column":0},"end":{"line":18,"column":28}},"17":{"start":{"line":19,"column":0},"end":{"line":19,"column":11}},"18":{"start":{"line":20,"column":0},"end":{"line":20,"column":18}},"19":{"start":{"line":21,"column":0},"end":{"line":21,"column":19}},"20":{"start":{"line":22,"column":0},"end":{"line":22,"column":18}},"21":{"start":{"line":23,"column":0},"end":{"line":23,"column":19}},"22":{"start":{"line":24,"column":0},"end":{"line":24,"column":25}},"23":{"start":{"line":25,"column":0},"end":{"line":25,"column":4}},"24":{"start":{"line":26,"column":0},"end":{"line":26,"column":13}},"25":{"start":{"line":27,"column":0},"end":{"line":27,"column":18}},"26":{"start":{"line":28,"column":0},"end":{"line":28,"column":19}},"27":{"start":{"line":29,"column":0},"end":{"line":29,"column":18}},"28":{"start":{"line":30,"column":0},"end":{"line":30,"column":25}},"29":{"start":{"line":31,"column":0},"end":{"line":31,"column":4}},"30":{"start":{"line":32,"column":0},"end":{"line":32,"column":11}},"31":{"start":{"line":34,"column":0},"end":{"line":34,"column":26}},"32":{"start":{"line":35,"column":0},"end":{"line":35,"column":28}},"33":{"start":{"line":36,"column":0},"end":{"line":36,"column":31}},"34":{"start":{"line":37,"column":0},"end":{"line":37,"column":30}},"35":{"start":{"line":38,"column":0},"end":{"line":38,"column":35}},"36":{"start":{"line":39,"column":0},"end":{"line":39,"column":30}},"37":{"start":{"line":40,"column":0},"end":{"line":40,"column":26}},"38":{"start":{"line":41,"column":0},"end":{"line":41,"column":30}},"39":{"start":{"line":42,"column":0},"end":{"line":42,"column":11}}},"s":{"0":2,"1":2,"2":2,"3":2,"4":0,"5":0,"6":0,"7":0,"8":0,"9":0,"10":0,"11":0,"12":0,"13":0,"14":0,"15":0,"16":2,"17":2,"18":2,"19":2,"20":2,"21":2,"22":2,"23":2,"24":2,"25":2,"26":2,"27":2,"28":2,"29":2,"30":2,"31":2,"32":2,"33":2,"34":2,"35":2,"36":2,"37":2,"38":2,"39":2},"branchMap":{"0":{"type":"branch","line":4,"loc":{"start":{"line":4,"column":18},"end":{"line":16,"column":7}},"locations":[{"start":{"line":4,"column":18},"end":{"line":16,"column":7}}]},"1":{"type":"branch","line":5,"loc":{"start":{"line":5,"column":3},"end":{"line":16,"column":5}},"locations":[{"start":{"line":5,"column":3},"end":{"line":16,"column":5}}]}},"b":{"0":[0],"1":[0]},"fnMap":{},"f":{}}
,"C:\\Users\\AbrilAguero\\Documents\\GitHub\\challenge-movies\\src\\common\\hooks\\index.ts": {"path":"C:\\Users\\AbrilAguero\\Documents\\GitHub\\challenge-movies\\src\\common\\hooks\\index.ts","all":true,"statementMap":{"0":{"start":{"line":1,"column":0},"end":{"line":1,"column":33}},"1":{"start":{"line":2,"column":0},"end":{"line":2,"column":33}}},"s":{"0":0,"1":0},"branchMap":{"0":{"type":"branch","line":1,"loc":{"start":{"line":1,"column":0},"end":{"line":2,"column":-2}},"locations":[{"start":{"line":1,"column":0},"end":{"line":2,"column":-2}}]}},"b":{"0":[0]},"fnMap":{"0":{"name":"(empty-report)","decl":{"start":{"line":1,"column":0},"end":{"line":2,"column":-2}},"loc":{"start":{"line":1,"column":0},"end":{"line":2,"column":-2}},"line":1}},"f":{"0":0}}
,"C:\\Users\\AbrilAguero\\Documents\\GitHub\\challenge-movies\\src\\common\\hooks\\useGenresQuery.ts": {"path":"C:\\Users\\AbrilAguero\\Documents\\GitHub\\challenge-movies\\src\\common\\hooks\\useGenresQuery.ts","all":true,"statementMap":{"0":{"start":{"line":1,"column":0},"end":{"line":1,"column":78}},"1":{"start":{"line":2,"column":0},"end":{"line":2,"column":61}},"5":{"start":{"line":6,"column":0},"end":{"line":6,"column":34}},"6":{"start":{"line":7,"column":0},"end":{"line":7,"column":27}},"7":{"start":{"line":8,"column":0},"end":{"line":8,"column":68}},"8":{"start":{"line":9,"column":0},"end":{"line":9,"column":70}},"9":{"start":{"line":10,"column":0},"end":{"line":10,"column":62}},"10":{"start":{"line":11,"column":0},"end":{"line":11,"column":11}},"13":{"start":{"line":14,"column":0},"end":{"line":14,"column":45}},"14":{"start":{"line":15,"column":0},"end":{"line":15,"column":19}},"15":{"start":{"line":16,"column":0},"end":{"line":16,"column":44}},"16":{"start":{"line":17,"column":0},"end":{"line":17,"column":45}},"17":{"start":{"line":18,"column":0},"end":{"line":18,"column":42}},"18":{"start":{"line":19,"column":0},"end":{"line":19,"column":41}},"19":{"start":{"line":20,"column":0},"end":{"line":20,"column":5}},"20":{"start":{"line":21,"column":0},"end":{"line":21,"column":2}},"23":{"start":{"line":24,"column":0},"end":{"line":24,"column":40}},"24":{"start":{"line":25,"column":0},"end":{"line":25,"column":19}},"25":{"start":{"line":26,"column":0},"end":{"line":26,"column":44}},"26":{"start":{"line":27,"column":0},"end":{"line":27,"column":40}},"27":{"start":{"line":28,"column":0},"end":{"line":28,"column":65}},"28":{"start":{"line":29,"column":0},"end":{"line":29,"column":41}},"29":{"start":{"line":30,"column":0},"end":{"line":30,"column":5}},"30":{"start":{"line":31,"column":0},"end":{"line":31,"column":2}},"33":{"start":{"line":34,"column":0},"end":{"line":34,"column":46}},"34":{"start":{"line":35,"column":0},"end":{"line":35,"column":19}},"35":{"start":{"line":36,"column":0},"end":{"line":36,"column":45}},"36":{"start":{"line":37,"column":0},"end":{"line":37,"column":46}},"37":{"start":{"line":38,"column":0},"end":{"line":38,"column":65}},"38":{"start":{"line":39,"column":0},"end":{"line":39,"column":41}},"39":{"start":{"line":40,"column":0},"end":{"line":40,"column":5}},"40":{"start":{"line":41,"column":0},"end":{"line":41,"column":2}},"43":{"start":{"line":44,"column":0},"end":{"line":44,"column":48}},"44":{"start":{"line":45,"column":0},"end":{"line":45,"column":39}},"46":{"start":{"line":47,"column":0},"end":{"line":47,"column":22}},"47":{"start":{"line":48,"column":0},"end":{"line":48,"column":45}},"48":{"start":{"line":49,"column":0},"end":{"line":49,"column":30}},"50":{"start":{"line":51,"column":0},"end":{"line":51,"column":48}},"51":{"start":{"line":52,"column":0},"end":{"line":52,"column":38}},"52":{"start":{"line":53,"column":0},"end":{"line":53,"column":22}},"53":{"start":{"line":54,"column":0},"end":{"line":54,"column":42}},"56":{"start":{"line":57,"column":0},"end":{"line":57,"column":75}},"57":{"start":{"line":58,"column":0},"end":{"line":58,"column":37}},"59":{"start":{"line":60,"column":0},"end":{"line":60,"column":40}},"60":{"start":{"line":61,"column":0},"end":{"line":61,"column":9}},"61":{"start":{"line":62,"column":0},"end":{"line":62,"column":8}},"64":{"start":{"line":65,"column":0},"end":{"line":65,"column":37}},"65":{"start":{"line":66,"column":0},"end":{"line":66,"column":48}},"66":{"start":{"line":67,"column":0},"end":{"line":67,"column":9}},"68":{"start":{"line":69,"column":0},"end":{"line":69,"column":18}},"69":{"start":{"line":70,"column":0},"end":{"line":70,"column":69}},"70":{"start":{"line":71,"column":0},"end":{"line":71,"column":8}},"71":{"start":{"line":72,"column":0},"end":{"line":72,"column":6}},"72":{"start":{"line":73,"column":0},"end":{"line":73,"column":25}},"73":{"start":{"line":74,"column":0},"end":{"line":74,"column":67}},"74":{"start":{"line":75,"column":0},"end":{"line":75,"column":6}},"75":{"start":{"line":76,"column":0},"end":{"line":76,"column":5}},"76":{"start":{"line":77,"column":0},"end":{"line":77,"column":2}},"79":{"start":{"line":80,"column":0},"end":{"line":80,"column":53}},"80":{"start":{"line":81,"column":0},"end":{"line":81,"column":39}},"82":{"start":{"line":83,"column":0},"end":{"line":83,"column":22}},"83":{"start":{"line":84,"column":0},"end":{"line":84,"column":50}},"84":{"start":{"line":85,"column":0},"end":{"line":85,"column":32}},"86":{"start":{"line":87,"column":0},"end":{"line":87,"column":48}},"87":{"start":{"line":88,"column":0},"end":{"line":88,"column":38}},"88":{"start":{"line":89,"column":0},"end":{"line":89,"column":22}},"89":{"start":{"line":90,"column":0},"end":{"line":90,"column":34}},"90":{"start":{"line":91,"column":0},"end":{"line":91,"column":65}},"91":{"start":{"line":92,"column":0},"end":{"line":92,"column":9}},"92":{"start":{"line":93,"column":0},"end":{"line":93,"column":8}},"95":{"start":{"line":96,"column":0},"end":{"line":96,"column":37}},"96":{"start":{"line":97,"column":0},"end":{"line":97,"column":48}},"97":{"start":{"line":98,"column":0},"end":{"line":98,"column":9}},"99":{"start":{"line":100,"column":0},"end":{"line":100,"column":63}},"100":{"start":{"line":101,"column":0},"end":{"line":101,"column":6}},"101":{"start":{"line":102,"column":0},"end":{"line":102,"column":25}},"102":{"start":{"line":103,"column":0},"end":{"line":103,"column":68}},"103":{"start":{"line":104,"column":0},"end":{"line":104,"column":6}},"104":{"start":{"line":105,"column":0},"end":{"line":105,"column":5}},"105":{"start":{"line":106,"column":0},"end":{"line":106,"column":2}},"108":{"start":{"line":109,"column":0},"end":{"line":109,"column":51}},"109":{"start":{"line":110,"column":0},"end":{"line":110,"column":39}},"111":{"start":{"line":112,"column":0},"end":{"line":112,"column":22}},"112":{"start":{"line":113,"column":0},"end":{"line":113,"column":48}},"113":{"start":{"line":114,"column":0},"end":{"line":114,"column":30}},"115":{"start":{"line":116,"column":0},"end":{"line":116,"column":48}},"116":{"start":{"line":117,"column":0},"end":{"line":117,"column":38}},"117":{"start":{"line":118,"column":0},"end":{"line":118,"column":22}},"118":{"start":{"line":119,"column":0},"end":{"line":119,"column":42}},"119":{"start":{"line":120,"column":0},"end":{"line":120,"column":40}},"120":{"start":{"line":121,"column":0},"end":{"line":121,"column":9}},"121":{"start":{"line":122,"column":0},"end":{"line":122,"column":8}},"124":{"start":{"line":125,"column":0},"end":{"line":125,"column":48}},"125":{"start":{"line":126,"column":0},"end":{"line":126,"column":38}},"126":{"start":{"line":127,"column":0},"end":{"line":127,"column":22}},"127":{"start":{"line":128,"column":0},"end":{"line":128,"column":42}},"128":{"start":{"line":129,"column":0},"end":{"line":129,"column":40}},"129":{"start":{"line":130,"column":0},"end":{"line":130,"column":9}},"130":{"start":{"line":131,"column":0},"end":{"line":131,"column":8}},"132":{"start":{"line":133,"column":0},"end":{"line":133,"column":18}},"133":{"start":{"line":134,"column":0},"end":{"line":134,"column":75}},"134":{"start":{"line":135,"column":0},"end":{"line":135,"column":8}},"135":{"start":{"line":136,"column":0},"end":{"line":136,"column":6}},"136":{"start":{"line":137,"column":0},"end":{"line":137,"column":25}},"137":{"start":{"line":138,"column":0},"end":{"line":138,"column":67}},"138":{"start":{"line":139,"column":0},"end":{"line":139,"column":6}},"139":{"start":{"line":140,"column":0},"end":{"line":140,"column":5}},"140":{"start":{"line":141,"column":0},"end":{"line":141,"column":2}},"143":{"start":{"line":144,"column":0},"end":{"line":144,"column":42}},"144":{"start":{"line":145,"column":0},"end":{"line":145,"column":50}},"145":{"start":{"line":146,"column":0},"end":{"line":146,"column":52}},"146":{"start":{"line":147,"column":0},"end":{"line":147,"column":61}},"147":{"start":{"line":148,"column":0},"end":{"line":148,"column":71}},"148":{"start":{"line":149,"column":0},"end":{"line":149,"column":67}},"150":{"start":{"line":151,"column":0},"end":{"line":151,"column":10}},"152":{"start":{"line":153,"column":0},"end":{"line":153,"column":46}},"153":{"start":{"line":154,"column":0},"end":{"line":154,"column":48}},"156":{"start":{"line":157,"column":0},"end":{"line":157,"column":49}},"157":{"start":{"line":158,"column":0},"end":{"line":158,"column":51}},"160":{"start":{"line":161,"column":0},"end":{"line":161,"column":41}},"161":{"start":{"line":162,"column":0},"end":{"line":162,"column":43}},"164":{"start":{"line":165,"column":0},"end":{"line":165,"column":50}},"165":{"start":{"line":166,"column":0},"end":{"line":166,"column":60}},"166":{"start":{"line":167,"column":0},"end":{"line":167,"column":56}},"169":{"start":{"line":170,"column":0},"end":{"line":170,"column":58}},"170":{"start":{"line":171,"column":0},"end":{"line":171,"column":67}},"171":{"start":{"line":172,"column":0},"end":{"line":172,"column":63}},"172":{"start":{"line":173,"column":0},"end":{"line":173,"column":4}},"173":{"start":{"line":174,"column":0},"end":{"line":174,"column":2}}},"s":{"0":0,"1":0,"5":0,"6":0,"7":0,"8":0,"9":0,"10":0,"13":0,"14":0,"15":0,"16":0,"17":0,"18":0,"19":0,"20":0,"23":0,"24":0,"25":0,"26":0,"27":0,"28":0,"29":0,"30":0,"33":0,"34":0,"35":0,"36":0,"37":0,"38":0,"39":0,"40":0,"43":0,"44":0,"46":0,"47":0,"48":0,"50":0,"51":0,"52":0,"53":0,"56":0,"57":0,"59":0,"60":0,"61":0,"64":0,"65":0,"66":0,"68":0,"69":0,"70":0,"71":0,"72":0,"73":0,"74":0,"75":0,"76":0,"79":0,"80":0,"82":0,"83":0,"84":0,"86":0,"87":0,"88":0,"89":0,"90":0,"91":0,"92":0,"95":0,"96":0,"97":0,"99":0,"100":0,"101":0,"102":0,"103":0,"104":0,"105":0,"108":0,"109":0,"111":0,"112":0,"113":0,"115":0,"116":0,"117":0,"118":0,"119":0,"120":0,"121":0,"124":0,"125":0,"126":0,"127":0,"128":0,"129":0,"130":0,"132":0,"133":0,"134":0,"135":0,"136":0,"137":0,"138":0,"139":0,"140":0,"143":0,"144":0,"145":0,"146":0,"147":0,"148":0,"150":0,"152":0,"153":0,"156":0,"157":0,"160":0,"161":0,"164":0,"165":0,"166":0,"169":0,"170":0,"171":0,"172":0,"173":0},"branchMap":{"0":{"type":"branch","line":1,"loc":{"start":{"line":1,"column":5656},"end":{"line":174,"column":2}},"locations":[{"start":{"line":1,"column":5656},"end":{"line":174,"column":2}}]}},"b":{"0":[0]},"fnMap":{"0":{"name":"(empty-report)","decl":{"start":{"line":1,"column":5656},"end":{"line":174,"column":2}},"loc":{"start":{"line":1,"column":5656},"end":{"line":174,"column":2}},"line":1}},"f":{"0":0}}
,"C:\\Users\\AbrilAguero\\Documents\\GitHub\\challenge-movies\\src\\common\\hooks\\useMovies.ts": {"path":"C:\\Users\\AbrilAguero\\Documents\\GitHub\\challenge-movies\\src\\common\\hooks\\useMovies.ts","all":true,"statementMap":{"0":{"start":{"line":1,"column":0},"end":{"line":1,"column":44}},"1":{"start":{"line":2,"column":0},"end":{"line":2,"column":57}},"13":{"start":{"line":14,"column":0},"end":{"line":14,"column":26}},"14":{"start":{"line":15,"column":0},"end":{"line":15,"column":74}},"15":{"start":{"line":16,"column":0},"end":{"line":16,"column":23}},"16":{"start":{"line":17,"column":0},"end":{"line":17,"column":52}},"17":{"start":{"line":18,"column":0},"end":{"line":18,"column":47}},"18":{"start":{"line":19,"column":0},"end":{"line":19,"column":58}},"19":{"start":{"line":20,"column":0},"end":{"line":20,"column":38}},"20":{"start":{"line":21,"column":0},"end":{"line":21,"column":47}},"22":{"start":{"line":23,"column":0},"end":{"line":23,"column":37}},"23":{"start":{"line":24,"column":0},"end":{"line":24,"column":21}},"24":{"start":{"line":25,"column":0},"end":{"line":25,"column":19}},"25":{"start":{"line":26,"column":0},"end":{"line":26,"column":33}},"26":{"start":{"line":27,"column":0},"end":{"line":27,"column":23}},"27":{"start":{"line":28,"column":0},"end":{"line":28,"column":22}},"28":{"start":{"line":29,"column":0},"end":{"line":29,"column":54}},"29":{"start":{"line":30,"column":0},"end":{"line":30,"column":22}},"30":{"start":{"line":31,"column":0},"end":{"line":31,"column":54}},"31":{"start":{"line":32,"column":0},"end":{"line":32,"column":24}},"32":{"start":{"line":33,"column":0},"end":{"line":33,"column":56}},"33":{"start":{"line":34,"column":0},"end":{"line":34,"column":14}},"34":{"start":{"line":35,"column":0},"end":{"line":35,"column":53}},"35":{"start":{"line":36,"column":0},"end":{"line":36,"column":5}},"36":{"start":{"line":37,"column":0},"end":{"line":37,"column":4}},"38":{"start":{"line":39,"column":0},"end":{"line":39,"column":70}},"39":{"start":{"line":40,"column":0},"end":{"line":40,"column":9}},"40":{"start":{"line":41,"column":0},"end":{"line":41,"column":23}},"41":{"start":{"line":42,"column":0},"end":{"line":42,"column":21}},"43":{"start":{"line":44,"column":0},"end":{"line":44,"column":68}},"45":{"start":{"line":46,"column":0},"end":{"line":46,"column":19}},"46":{"start":{"line":47,"column":0},"end":{"line":47,"column":60}},"47":{"start":{"line":48,"column":0},"end":{"line":48,"column":14}},"48":{"start":{"line":49,"column":0},"end":{"line":49,"column":36}},"49":{"start":{"line":50,"column":0},"end":{"line":50,"column":7}},"51":{"start":{"line":52,"column":0},"end":{"line":52,"column":49}},"52":{"start":{"line":53,"column":0},"end":{"line":53,"column":19}},"53":{"start":{"line":54,"column":0},"end":{"line":54,"column":15}},"54":{"start":{"line":55,"column":0},"end":{"line":55,"column":76}},"55":{"start":{"line":56,"column":0},"end":{"line":56,"column":8}},"56":{"start":{"line":57,"column":0},"end":{"line":57,"column":15}},"57":{"start":{"line":58,"column":0},"end":{"line":58,"column":24}},"58":{"start":{"line":59,"column":0},"end":{"line":59,"column":5}},"59":{"start":{"line":60,"column":0},"end":{"line":60,"column":4}},"61":{"start":{"line":62,"column":0},"end":{"line":62,"column":26}},"62":{"start":{"line":63,"column":0},"end":{"line":63,"column":30}},"63":{"start":{"line":64,"column":0},"end":{"line":64,"column":32}},"64":{"start":{"line":65,"column":0},"end":{"line":65,"column":24}},"65":{"start":{"line":66,"column":0},"end":{"line":66,"column":34}},"66":{"start":{"line":67,"column":0},"end":{"line":67,"column":5}},"67":{"start":{"line":68,"column":0},"end":{"line":68,"column":4}},"69":{"start":{"line":70,"column":0},"end":{"line":70,"column":25}},"70":{"start":{"line":71,"column":0},"end":{"line":71,"column":15}},"71":{"start":{"line":72,"column":0},"end":{"line":72,"column":18}},"72":{"start":{"line":73,"column":0},"end":{"line":73,"column":26}},"73":{"start":{"line":74,"column":0},"end":{"line":74,"column":4}},"75":{"start":{"line":76,"column":0},"end":{"line":76,"column":19}},"76":{"start":{"line":77,"column":0},"end":{"line":77,"column":18}},"77":{"start":{"line":78,"column":0},"end":{"line":78,"column":17}},"79":{"start":{"line":80,"column":0},"end":{"line":80,"column":10}},"80":{"start":{"line":81,"column":0},"end":{"line":81,"column":11}},"81":{"start":{"line":82,"column":0},"end":{"line":82,"column":12}},"82":{"start":{"line":83,"column":0},"end":{"line":83,"column":10}},"83":{"start":{"line":84,"column":0},"end":{"line":84,"column":12}},"84":{"start":{"line":85,"column":0},"end":{"line":85,"column":13}},"85":{"start":{"line":86,"column":0},"end":{"line":86,"column":12}},"86":{"start":{"line":87,"column":0},"end":{"line":87,"column":4}},"87":{"start":{"line":88,"column":0},"end":{"line":88,"column":2}}},"s":{"0":0,"1":0,"13":0,"14":0,"15":0,"16":0,"17":0,"18":0,"19":0,"20":0,"22":0,"23":0,"24":0,"25":0,"26":0,"27":0,"28":0,"29":0,"30":0,"31":0,"32":0,"33":0,"34":0,"35":0,"36":0,"38":0,"39":0,"40":0,"41":0,"43":0,"45":0,"46":0,"47":0,"48":0,"49":0,"51":0,"52":0,"53":0,"54":0,"55":0,"56":0,"57":0,"58":0,"59":0,"61":0,"62":0,"63":0,"64":0,"65":0,"66":0,"67":0,"69":0,"70":0,"71":0,"72":0,"73":0,"75":0,"76":0,"77":0,"79":0,"80":0,"81":0,"82":0,"83":0,"84":0,"85":0,"86":0,"87":0},"branchMap":{"0":{"type":"branch","line":1,"loc":{"start":{"line":1,"column":2225},"end":{"line":88,"column":2}},"locations":[{"start":{"line":1,"column":2225},"end":{"line":88,"column":2}}]}},"b":{"0":[0]},"fnMap":{"0":{"name":"(empty-report)","decl":{"start":{"line":1,"column":2225},"end":{"line":88,"column":2}},"loc":{"start":{"line":1,"column":2225},"end":{"line":88,"column":2}},"line":1}},"f":{"0":0}}
,"C:\\Users\\AbrilAguero\\Documents\\GitHub\\challenge-movies\\src\\common\\hooks\\useMoviesQuery.ts": {"path":"C:\\Users\\AbrilAguero\\Documents\\GitHub\\challenge-movies\\src\\common\\hooks\\useMoviesQuery.ts","all":false,"statementMap":{"0":{"start":{"line":1,"column":0},"end":{"line":1,"column":49}},"1":{"start":{"line":2,"column":0},"end":{"line":2,"column":57}},"2":{"start":{"line":12,"column":0},"end":{"line":12,"column":31}},"3":{"start":{"line":13,"column":0},"end":{"line":13,"column":26}},"4":{"start":{"line":14,"column":0},"end":{"line":14,"column":37}},"5":{"start":{"line":15,"column":0},"end":{"line":15,"column":6}},"6":{"start":{"line":16,"column":0},"end":{"line":16,"column":47}},"7":{"start":{"line":18,"column":0},"end":{"line":18,"column":19}},"8":{"start":{"line":19,"column":0},"end":{"line":19,"column":41}},"9":{"start":{"line":20,"column":0},"end":{"line":20,"column":44}},"10":{"start":{"line":21,"column":0},"end":{"line":21,"column":25}},"11":{"start":{"line":22,"column":0},"end":{"line":22,"column":23}},"12":{"start":{"line":23,"column":0},"end":{"line":23,"column":75}},"13":{"start":{"line":24,"column":0},"end":{"line":24,"column":41}},"14":{"start":{"line":25,"column":0},"end":{"line":25,"column":24}},"15":{"start":{"line":26,"column":0},"end":{"line":26,"column":77}},"16":{"start":{"line":27,"column":0},"end":{"line":27,"column":42}},"17":{"start":{"line":28,"column":0},"end":{"line":28,"column":26}},"18":{"start":{"line":29,"column":0},"end":{"line":29,"column":75}},"19":{"start":{"line":30,"column":0},"end":{"line":30,"column":16}},"20":{"start":{"line":31,"column":0},"end":{"line":31,"column":12}},"21":{"start":{"line":32,"column":0},"end":{"line":32,"column":44}},"22":{"start":{"line":33,"column":0},"end":{"line":33,"column":24}},"23":{"start":{"line":34,"column":0},"end":{"line":34,"column":77}},"24":{"start":{"line":35,"column":0},"end":{"line":35,"column":42}},"25":{"start":{"line":36,"column":0},"end":{"line":36,"column":16}},"26":{"start":{"line":37,"column":0},"end":{"line":37,"column":62}},"27":{"start":{"line":38,"column":0},"end":{"line":38,"column":7}},"28":{"start":{"line":39,"column":0},"end":{"line":39,"column":6}},"29":{"start":{"line":40,"column":0},"end":{"line":40,"column":12}},"30":{"start":{"line":41,"column":0},"end":{"line":41,"column":42}},"31":{"start":{"line":42,"column":0},"end":{"line":42,"column":41}},"32":{"start":{"line":43,"column":0},"end":{"line":43,"column":5}},"33":{"start":{"line":44,"column":0},"end":{"line":44,"column":2}},"34":{"start":{"line":47,"column":0},"end":{"line":47,"column":74}},"35":{"start":{"line":48,"column":0},"end":{"line":48,"column":19}},"36":{"start":{"line":49,"column":0},"end":{"line":49,"column":44}},"37":{"start":{"line":50,"column":0},"end":{"line":50,"column":56}},"38":{"start":{"line":51,"column":0},"end":{"line":51,"column":36}},"39":{"start":{"line":52,"column":0},"end":{"line":52,"column":58}},"40":{"start":{"line":53,"column":0},"end":{"line":53,"column":41}},"41":{"start":{"line":54,"column":0},"end":{"line":54,"column":5}},"42":{"start":{"line":55,"column":0},"end":{"line":55,"column":2}},"43":{"start":{"line":57,"column":0},"end":{"line":57,"column":37}},"44":{"start":{"line":58,"column":0},"end":{"line":58,"column":19}},"45":{"start":{"line":59,"column":0},"end":{"line":59,"column":25}},"46":{"start":{"line":60,"column":0},"end":{"line":60,"column":35}},"47":{"start":{"line":61,"column":0},"end":{"line":61,"column":84}},"48":{"start":{"line":62,"column":0},"end":{"line":62,"column":37}},"49":{"start":{"line":63,"column":0},"end":{"line":63,"column":5}},"50":{"start":{"line":64,"column":0},"end":{"line":64,"column":2}}},"s":{"0":2,"1":2,"2":2,"3":36,"4":36,"5":36,"6":36,"7":36,"8":36,"9":36,"10":18,"11":18,"12":10,"13":10,"14":18,"15":1,"16":1,"17":18,"18":5,"19":5,"20":5,"21":5,"22":18,"23":1,"24":1,"25":18,"26":1,"27":18,"28":18,"29":36,"30":36,"31":36,"32":36,"33":36,"34":2,"35":4,"36":4,"37":4,"38":4,"39":4,"40":4,"41":4,"42":4,"43":2,"44":68,"45":68,"46":68,"47":68,"48":68,"49":68,"50":68},"branchMap":{"0":{"type":"branch","line":12,"loc":{"start":{"line":12,"column":30},"end":{"line":44,"column":2}},"locations":[{"start":{"line":12,"column":30},"end":{"line":44,"column":2}}]},"1":{"type":"branch","line":20,"loc":{"start":{"line":20,"column":13},"end":{"line":39,"column":6}},"locations":[{"start":{"line":20,"column":13},"end":{"line":39,"column":6}}]},"2":{"type":"branch","line":22,"loc":{"start":{"line":22,"column":8},"end":{"line":24,"column":41}},"locations":[{"start":{"line":22,"column":8},"end":{"line":24,"column":41}}]},"3":{"type":"branch","line":25,"loc":{"start":{"line":25,"column":8},"end":{"line":27,"column":42}},"locations":[{"start":{"line":25,"column":8},"end":{"line":27,"column":42}}]},"4":{"type":"branch","line":28,"loc":{"start":{"line":28,"column":8},"end":{"line":32,"column":44}},"locations":[{"start":{"line":28,"column":8},"end":{"line":32,"column":44}}]},"5":{"type":"branch","line":33,"loc":{"start":{"line":33,"column":8},"end":{"line":35,"column":42}},"locations":[{"start":{"line":33,"column":8},"end":{"line":35,"column":42}}]},"6":{"type":"branch","line":36,"loc":{"start":{"line":36,"column":8},"end":{"line":37,"column":62}},"locations":[{"start":{"line":36,"column":8},"end":{"line":37,"column":62}}]},"7":{"type":"branch","line":38,"loc":{"start":{"line":38,"column":6},"end":{"line":38,"column":7}},"locations":[{"start":{"line":38,"column":6},"end":{"line":38,"column":7}}]},"8":{"type":"branch","line":47,"loc":{"start":{"line":47,"column":36},"end":{"line":55,"column":2}},"locations":[{"start":{"line":47,"column":36},"end":{"line":55,"column":2}}]},"9":{"type":"branch","line":51,"loc":{"start":{"line":51,"column":13},"end":{"line":51,"column":36}},"locations":[{"start":{"line":51,"column":13},"end":{"line":51,"column":36}}]},"10":{"type":"branch","line":50,"loc":{"start":{"line":50,"column":13},"end":{"line":50,"column":56}},"locations":[{"start":{"line":50,"column":13},"end":{"line":50,"column":56}}]},"11":{"type":"branch","line":57,"loc":{"start":{"line":57,"column":30},"end":{"line":64,"column":2}},"locations":[{"start":{"line":57,"column":30},"end":{"line":64,"column":2}}]}},"b":{"0":[36],"1":[18],"2":[10],"3":[1],"4":[5],"5":[1],"6":[1],"7":[0],"8":[4],"9":[3],"10":[1],"11":[68]},"fnMap":{"0":{"name":"useMoviesQuery","decl":{"start":{"line":12,"column":30},"end":{"line":44,"column":2}},"loc":{"start":{"line":12,"column":30},"end":{"line":44,"column":2}},"line":12},"1":{"name":"queryFn","decl":{"start":{"line":20,"column":13},"end":{"line":39,"column":6}},"loc":{"start":{"line":20,"column":13},"end":{"line":39,"column":6}},"line":20},"2":{"name":"useMovieDetailsQuery","decl":{"start":{"line":47,"column":36},"end":{"line":55,"column":2}},"loc":{"start":{"line":47,"column":36},"end":{"line":55,"column":2}},"line":47},"3":{"name":"queryFn","decl":{"start":{"line":50,"column":13},"end":{"line":50,"column":56}},"loc":{"start":{"line":50,"column":13},"end":{"line":50,"column":56}},"line":50},"4":{"name":"useGenresQuery","decl":{"start":{"line":57,"column":30},"end":{"line":64,"column":2}},"loc":{"start":{"line":57,"column":30},"end":{"line":64,"column":2}},"line":57}},"f":{"0":36,"1":18,"2":4,"3":1,"4":68}}
,"C:\\Users\\AbrilAguero\\Documents\\GitHub\\challenge-movies\\src\\common\\providers\\QueryProvider.tsx": {"path":"C:\\Users\\AbrilAguero\\Documents\\GitHub\\challenge-movies\\src\\common\\providers\\QueryProvider.tsx","all":true,"statementMap":{"1":{"start":{"line":2,"column":0},"end":{"line":2,"column":73}},"2":{"start":{"line":3,"column":0},"end":{"line":3,"column":68}},"4":{"start":{"line":5,"column":0},"end":{"line":5,"column":37}},"5":{"start":{"line":6,"column":0},"end":{"line":6,"column":19}},"6":{"start":{"line":7,"column":0},"end":{"line":7,"column":14}},"7":{"start":{"line":8,"column":0},"end":{"line":8,"column":15}},"8":{"start":{"line":9,"column":0},"end":{"line":9,"column":44}},"9":{"start":{"line":10,"column":0},"end":{"line":10,"column":61}},"10":{"start":{"line":11,"column":0},"end":{"line":11,"column":34}},"11":{"start":{"line":12,"column":0},"end":{"line":12,"column":6}},"12":{"start":{"line":13,"column":0},"end":{"line":13,"column":4}},"13":{"start":{"line":14,"column":0},"end":{"line":14,"column":3}},"19":{"start":{"line":20,"column":0},"end":{"line":20,"column":78}},"20":{"start":{"line":21,"column":0},"end":{"line":21,"column":10}},"21":{"start":{"line":22,"column":0},"end":{"line":22,"column":46}},"22":{"start":{"line":23,"column":0},"end":{"line":23,"column":16}},"23":{"start":{"line":24,"column":0},"end":{"line":24,"column":50}},"24":{"start":{"line":25,"column":0},"end":{"line":25,"column":26}},"26":{"start":{"line":27,"column":0},"end":{"line":27,"column":2}}},"s":{"1":0,"2":0,"4":0,"5":0,"6":0,"7":0,"8":0,"9":0,"10":0,"11":0,"12":0,"13":0,"19":0,"20":0,"21":0,"22":0,"23":0,"24":0,"26":0},"branchMap":{"0":{"type":"branch","line":1,"loc":{"start":{"line":1,"column":747},"end":{"line":27,"column":2}},"locations":[{"start":{"line":1,"column":747},"end":{"line":27,"column":2}}]}},"b":{"0":[1]},"fnMap":{"0":{"name":"(empty-report)","decl":{"start":{"line":1,"column":747},"end":{"line":27,"column":2}},"loc":{"start":{"line":1,"column":747},"end":{"line":27,"column":2}},"line":1}},"f":{"0":1}}
,"C:\\Users\\AbrilAguero\\Documents\\GitHub\\challenge-movies\\src\\common\\tests\\test-utils.tsx": {"path":"C:\\Users\\AbrilAguero\\Documents\\GitHub\\challenge-movies\\src\\common\\tests\\test-utils.tsx","all":false,"statementMap":{"0":{"start":{"line":1,"column":0},"end":{"line":1,"column":73}},"1":{"start":{"line":2,"column":0},"end":{"line":2,"column":63}},"5":{"start":{"line":6,"column":0},"end":{"line":6,"column":35}},"6":{"start":{"line":7,"column":0},"end":{"line":7,"column":19}},"7":{"start":{"line":8,"column":0},"end":{"line":8,"column":21}},"8":{"start":{"line":9,"column":0},"end":{"line":9,"column":16}},"9":{"start":{"line":10,"column":0},"end":{"line":10,"column":21}},"10":{"start":{"line":11,"column":0},"end":{"line":11,"column":28}},"11":{"start":{"line":12,"column":0},"end":{"line":12,"column":8}},"12":{"start":{"line":13,"column":0},"end":{"line":13,"column":18}},"13":{"start":{"line":14,"column":0},"end":{"line":14,"column":21}},"14":{"start":{"line":15,"column":0},"end":{"line":15,"column":8}},"15":{"start":{"line":16,"column":0},"end":{"line":16,"column":6}},"16":{"start":{"line":17,"column":0},"end":{"line":17,"column":5}},"19":{"start":{"line":20,"column":0},"end":{"line":20,"column":67}},"20":{"start":{"line":21,"column":0},"end":{"line":21,"column":11}},"21":{"start":{"line":22,"column":0},"end":{"line":22,"column":7}},"22":{"start":{"line":23,"column":0},"end":{"line":23,"column":50}},"24":{"start":{"line":25,"column":0},"end":{"line":25,"column":10}},"25":{"start":{"line":26,"column":0},"end":{"line":26,"column":50}},"26":{"start":{"line":27,"column":0},"end":{"line":27,"column":16}},"27":{"start":{"line":28,"column":0},"end":{"line":28,"column":26}},"29":{"start":{"line":30,"column":0},"end":{"line":30,"column":2}},"32":{"start":{"line":33,"column":0},"end":{"line":33,"column":22}},"33":{"start":{"line":34,"column":0},"end":{"line":34,"column":25}},"34":{"start":{"line":35,"column":0},"end":{"line":35,"column":42}},"35":{"start":{"line":36,"column":0},"end":{"line":36,"column":58}},"38":{"start":{"line":39,"column":0},"end":{"line":39,"column":39}}},"s":{"0":1,"1":1,"5":1,"6":22,"7":22,"8":22,"9":22,"10":22,"11":22,"12":22,"13":22,"14":22,"15":22,"16":22,"19":1,"20":22,"21":22,"22":22,"24":22,"25":22,"26":22,"27":22,"29":22,"32":1,"33":22,"34":22,"35":22,"38":1},"branchMap":{"0":{"type":"branch","line":6,"loc":{"start":{"line":6,"column":30},"end":{"line":17,"column":5}},"locations":[{"start":{"line":6,"column":30},"end":{"line":17,"column":5}}]},"1":{"type":"branch","line":20,"loc":{"start":{"line":20,"column":65},"end":{"line":30,"column":2}},"locations":[{"start":{"line":20,"column":65},"end":{"line":30,"column":2}}]},"2":{"type":"branch","line":33,"loc":{"start":{"line":33,"column":21},"end":{"line":36,"column":58}},"locations":[{"start":{"line":33,"column":21},"end":{"line":36,"column":58}}]}},"b":{"0":[22],"1":[22],"2":[22]},"fnMap":{"0":{"name":"createTestQueryClient","decl":{"start":{"line":6,"column":30},"end":{"line":17,"column":5}},"loc":{"start":{"line":6,"column":30},"end":{"line":17,"column":5}},"line":6},"1":{"name":"AllTheProviders","decl":{"start":{"line":20,"column":65},"end":{"line":30,"column":2}},"loc":{"start":{"line":20,"column":65},"end":{"line":30,"column":2}},"line":20},"2":{"name":"customRender","decl":{"start":{"line":33,"column":21},"end":{"line":36,"column":58}},"loc":{"start":{"line":33,"column":21},"end":{"line":36,"column":58}},"line":33}},"f":{"0":22,"1":22,"2":22}}
,"C:\\Users\\AbrilAguero\\Documents\\GitHub\\challenge-movies\\src\\common\\types\\movie.ts": {"path":"C:\\Users\\AbrilAguero\\Documents\\GitHub\\challenge-movies\\src\\common\\types\\movie.ts","all":true,"statementMap":{},"s":{},"branchMap":{"0":{"type":"branch","line":1,"loc":{"start":{"line":1,"column":793},"end":{"line":40,"column":1}},"locations":[{"start":{"line":1,"column":793},"end":{"line":40,"column":1}}]}},"b":{"0":[1]},"fnMap":{"0":{"name":"(empty-report)","decl":{"start":{"line":1,"column":793},"end":{"line":40,"column":1}},"loc":{"start":{"line":1,"column":793},"end":{"line":40,"column":1}},"line":1}},"f":{"0":1}}
,"C:\\Users\\AbrilAguero\\Documents\\GitHub\\challenge-movies\\src\\components\\Button\\Button.tsx": {"path":"C:\\Users\\AbrilAguero\\Documents\\GitHub\\challenge-movies\\src\\components\\Button\\Button.tsx","all":false,"statementMap":{"0":{"start":{"line":1,"column":0},"end":{"line":1,"column":32}},"1":{"start":{"line":12,"column":0},"end":{"line":12,"column":24}},"2":{"start":{"line":13,"column":0},"end":{"line":13,"column":18}},"3":{"start":{"line":14,"column":0},"end":{"line":14,"column":18}},"4":{"start":{"line":15,"column":0},"end":{"line":15,"column":18}},"5":{"start":{"line":16,"column":0},"end":{"line":16,"column":8}},"6":{"start":{"line":17,"column":0},"end":{"line":17,"column":12}},"7":{"start":{"line":18,"column":0},"end":{"line":18,"column":10}},"8":{"start":{"line":19,"column":0},"end":{"line":19,"column":20}},"9":{"start":{"line":20,"column":0},"end":{"line":20,"column":14}},"10":{"start":{"line":21,"column":0},"end":{"line":21,"column":108}},"11":{"start":{"line":22,"column":0},"end":{"line":22,"column":22}},"12":{"start":{"line":23,"column":0},"end":{"line":23,"column":63}},"13":{"start":{"line":24,"column":0},"end":{"line":24,"column":83}},"14":{"start":{"line":26,"column":0},"end":{"line":26,"column":35}},"15":{"start":{"line":27,"column":0},"end":{"line":27,"column":42}},"16":{"start":{"line":29,"column":0},"end":{"line":29,"column":27}},"17":{"start":{"line":30,"column":0},"end":{"line":30,"column":38}},"18":{"start":{"line":31,"column":0},"end":{"line":31,"column":34}},"19":{"start":{"line":32,"column":0},"end":{"line":32,"column":38}},"20":{"start":{"line":33,"column":0},"end":{"line":33,"column":5}},"21":{"start":{"line":35,"column":0},"end":{"line":35,"column":21}},"22":{"start":{"line":36,"column":0},"end":{"line":36,"column":13}},"23":{"start":{"line":38,"column":0},"end":{"line":38,"column":10}},"24":{"start":{"line":39,"column":0},"end":{"line":39,"column":11}},"25":{"start":{"line":40,"column":0},"end":{"line":40,"column":19}},"26":{"start":{"line":41,"column":0},"end":{"line":41,"column":79}},"27":{"start":{"line":42,"column":0},"end":{"line":42,"column":17}},"28":{"start":{"line":43,"column":0},"end":{"line":43,"column":13}},"29":{"start":{"line":44,"column":0},"end":{"line":44,"column":13}},"30":{"start":{"line":46,"column":0},"end":{"line":46,"column":2}}},"s":{"0":2,"1":2,"2":13,"3":13,"4":13,"5":13,"6":13,"7":13,"8":13,"9":13,"10":13,"11":13,"12":4,"13":9,"14":13,"15":13,"16":13,"17":2,"18":13,"19":2,"20":2,"21":13,"22":13,"23":13,"24":13,"25":13,"26":13,"27":13,"28":13,"29":13,"30":13},"branchMap":{"0":{"type":"branch","line":12,"loc":{"start":{"line":12,"column":22},"end":{"line":46,"column":2}},"locations":[{"start":{"line":12,"column":22},"end":{"line":46,"column":2}}]},"1":{"type":"branch","line":22,"loc":{"start":{"line":22,"column":15},"end":{"line":23,"column":63}},"locations":[{"start":{"line":22,"column":15},"end":{"line":23,"column":63}}]},"2":{"type":"branch","line":23,"loc":{"start":{"line":23,"column":6},"end":{"line":24,"column":83}},"locations":[{"start":{"line":23,"column":6},"end":{"line":24,"column":83}}]},"3":{"type":"branch","line":26,"loc":{"start":{"line":26,"column":28},"end":{"line":36,"column":5}},"locations":[{"start":{"line":26,"column":28},"end":{"line":36,"column":5}}]},"4":{"type":"branch","line":29,"loc":{"start":{"line":29,"column":26},"end":{"line":31,"column":15}},"locations":[{"start":{"line":29,"column":26},"end":{"line":31,"column":15}}]},"5":{"type":"branch","line":31,"loc":{"start":{"line":31,"column":4},"end":{"line":33,"column":5}},"locations":[{"start":{"line":31,"column":4},"end":{"line":33,"column":5}}]},"6":{"type":"branch","line":31,"loc":{"start":{"line":31,"column":33},"end":{"line":33,"column":5}},"locations":[{"start":{"line":31,"column":33},"end":{"line":33,"column":5}}]}},"b":{"0":[13],"1":[4],"2":[9],"3":[13],"4":[2],"5":[11],"6":[2]},"fnMap":{"0":{"name":"Button","decl":{"start":{"line":12,"column":22},"end":{"line":46,"column":2}},"loc":{"start":{"line":12,"column":22},"end":{"line":46,"column":2}},"line":12}},"f":{"0":13}}
,"C:\\Users\\AbrilAguero\\Documents\\GitHub\\challenge-movies\\src\\components\\CategoryTabs\\CategoryTabs.tsx": {"path":"C:\\Users\\AbrilAguero\\Documents\\GitHub\\challenge-movies\\src\\components\\CategoryTabs\\CategoryTabs.tsx","all":false,"statementMap":{"0":{"start":{"line":10,"column":0},"end":{"line":10,"column":56}},"1":{"start":{"line":11,"column":0},"end":{"line":11,"column":23}},"2":{"start":{"line":12,"column":0},"end":{"line":12,"column":32}},"3":{"start":{"line":13,"column":0},"end":{"line":13,"column":27}},"4":{"start":{"line":14,"column":0},"end":{"line":14,"column":29}},"5":{"start":{"line":15,"column":0},"end":{"line":15,"column":2}},"6":{"start":{"line":17,"column":0},"end":{"line":17,"column":59}},"7":{"start":{"line":18,"column":0},"end":{"line":18,"column":17}},"8":{"start":{"line":19,"column":0},"end":{"line":19,"column":19}},"9":{"start":{"line":20,"column":0},"end":{"line":20,"column":7}},"10":{"start":{"line":21,"column":0},"end":{"line":21,"column":69}},"11":{"start":{"line":23,"column":0},"end":{"line":23,"column":10}},"12":{"start":{"line":24,"column":0},"end":{"line":24,"column":38}},"13":{"start":{"line":25,"column":0},"end":{"line":25,"column":77}},"14":{"start":{"line":26,"column":0},"end":{"line":26,"column":40}},"15":{"start":{"line":27,"column":0},"end":{"line":27,"column":17}},"16":{"start":{"line":28,"column":0},"end":{"line":28,"column":26}},"17":{"start":{"line":29,"column":0},"end":{"line":29,"column":140}},"18":{"start":{"line":30,"column":0},"end":{"line":30,"column":41}},"19":{"start":{"line":31,"column":0},"end":{"line":31,"column":69}},"20":{"start":{"line":32,"column":0},"end":{"line":32,"column":100}},"21":{"start":{"line":33,"column":0},"end":{"line":33,"column":15}},"22":{"start":{"line":34,"column":0},"end":{"line":34,"column":55}},"23":{"start":{"line":35,"column":0},"end":{"line":35,"column":39}},"24":{"start":{"line":36,"column":0},"end":{"line":36,"column":19}},"25":{"start":{"line":37,"column":0},"end":{"line":37,"column":11}},"26":{"start":{"line":38,"column":0},"end":{"line":38,"column":12}},"27":{"start":{"line":39,"column":0},"end":{"line":39,"column":10}},"28":{"start":{"line":41,"column":0},"end":{"line":41,"column":2}}},"s":{"0":2,"1":2,"2":2,"3":2,"4":2,"5":2,"6":2,"7":10,"8":10,"9":10,"10":10,"11":10,"12":10,"13":10,"14":10,"15":40,"16":40,"17":40,"18":40,"19":10,"20":30,"21":40,"22":40,"23":40,"24":40,"25":10,"26":10,"27":10,"28":10},"branchMap":{"0":{"type":"branch","line":17,"loc":{"start":{"line":17,"column":57},"end":{"line":41,"column":2}},"locations":[{"start":{"line":17,"column":57},"end":{"line":41,"column":2}}]},"1":{"type":"branch","line":26,"loc":{"start":{"line":26,"column":25},"end":{"line":36,"column":19}},"locations":[{"start":{"line":26,"column":25},"end":{"line":36,"column":19}}]},"2":{"type":"branch","line":30,"loc":{"start":{"line":30,"column":33},"end":{"line":31,"column":69}},"locations":[{"start":{"line":30,"column":33},"end":{"line":31,"column":69}}]},"3":{"type":"branch","line":31,"loc":{"start":{"line":31,"column":18},"end":{"line":32,"column":100}},"locations":[{"start":{"line":31,"column":18},"end":{"line":32,"column":100}}]},"4":{"type":"branch","line":34,"loc":{"start":{"line":34,"column":21},"end":{"line":34,"column":55}},"locations":[{"start":{"line":34,"column":21},"end":{"line":34,"column":55}}]}},"b":{"0":[10],"1":[40],"2":[10],"3":[30],"4":[21]},"fnMap":{"0":{"name":"CategoryTabs","decl":{"start":{"line":17,"column":57},"end":{"line":41,"column":2}},"loc":{"start":{"line":17,"column":57},"end":{"line":41,"column":2}},"line":17},"1":{"name":"onClick","decl":{"start":{"line":34,"column":21},"end":{"line":34,"column":55}},"loc":{"start":{"line":34,"column":21},"end":{"line":34,"column":55}},"line":34}},"f":{"0":10,"1":1}}
,"C:\\Users\\AbrilAguero\\Documents\\GitHub\\challenge-movies\\src\\components\\CustomIcon\\CustomIcon.tsx": {"path":"C:\\Users\\AbrilAguero\\Documents\\GitHub\\challenge-movies\\src\\components\\CustomIcon\\CustomIcon.tsx","all":false,"statementMap":{"0":{"start":{"line":8,"column":0},"end":{"line":8,"column":76}},"1":{"start":{"line":9,"column":0},"end":{"line":9,"column":13}},"2":{"start":{"line":10,"column":0},"end":{"line":10,"column":57}},"3":{"start":{"line":11,"column":0},"end":{"line":11,"column":3}},"4":{"start":{"line":13,"column":0},"end":{"line":13,"column":10}},"5":{"start":{"line":14,"column":0},"end":{"line":14,"column":8}},"6":{"start":{"line":15,"column":0},"end":{"line":15,"column":15}},"7":{"start":{"line":16,"column":0},"end":{"line":16,"column":25}},"8":{"start":{"line":17,"column":0},"end":{"line":17,"column":63}},"9":{"start":{"line":18,"column":0},"end":{"line":18,"column":6}},"10":{"start":{"line":20,"column":0},"end":{"line":20,"column":2}},"11":{"start":{"line":22,"column":0},"end":{"line":22,"column":26}}},"s":{"0":2,"1":145,"2":2,"3":2,"4":143,"5":143,"6":143,"7":143,"8":143,"9":143,"10":143,"11":2},"branchMap":{"0":{"type":"branch","line":8,"loc":{"start":{"line":8,"column":19},"end":{"line":20,"column":2}},"locations":[{"start":{"line":8,"column":19},"end":{"line":20,"column":2}}]},"1":{"type":"branch","line":9,"loc":{"start":{"line":9,"column":12},"end":{"line":11,"column":3}},"locations":[{"start":{"line":9,"column":12},"end":{"line":11,"column":3}}]},"2":{"type":"branch","line":11,"loc":{"start":{"line":11,"column":2},"end":{"line":20,"column":2}},"locations":[{"start":{"line":11,"column":2},"end":{"line":20,"column":2}}]}},"b":{"0":[145],"1":[2],"2":[143]},"fnMap":{"0":{"name":"CustomIcon","decl":{"start":{"line":8,"column":19},"end":{"line":20,"column":2}},"loc":{"start":{"line":8,"column":19},"end":{"line":20,"column":2}},"line":8}},"f":{"0":145}}
,"C:\\Users\\AbrilAguero\\Documents\\GitHub\\challenge-movies\\src\\components\\CustomLoader\\CustomLoader.tsx": {"path":"C:\\Users\\AbrilAguero\\Documents\\GitHub\\challenge-movies\\src\\components\\CustomLoader\\CustomLoader.tsx","all":false,"statementMap":{"0":{"start":{"line":1,"column":0},"end":{"line":1,"column":28}},"1":{"start":{"line":2,"column":0},"end":{"line":2,"column":54}},"2":{"start":{"line":3,"column":0},"end":{"line":3,"column":78}},"3":{"start":{"line":4,"column":0},"end":{"line":4,"column":5}},"4":{"start":{"line":5,"column":0},"end":{"line":5,"column":2}},"5":{"start":{"line":7,"column":0},"end":{"line":7,"column":28}}},"s":{"0":2,"1":26,"2":78,"3":26,"4":26,"5":2},"branchMap":{"0":{"type":"branch","line":1,"loc":{"start":{"line":1,"column":21},"end":{"line":5,"column":2}},"locations":[{"start":{"line":1,"column":21},"end":{"line":5,"column":2}}]},"1":{"type":"branch","line":2,"loc":{"start":{"line":2,"column":39},"end":{"line":3,"column":78}},"locations":[{"start":{"line":2,"column":39},"end":{"line":3,"column":78}}]}},"b":{"0":[26],"1":[78]},"fnMap":{"0":{"name":"CustomLoader","decl":{"start":{"line":1,"column":21},"end":{"line":5,"column":2}},"loc":{"start":{"line":1,"column":21},"end":{"line":5,"column":2}},"line":1}},"f":{"0":26}}
,"C:\\Users\\AbrilAguero\\Documents\\GitHub\\challenge-movies\\src\\components\\ErrorBoundary\\ErrorBoundary.tsx": {"path":"C:\\Users\\AbrilAguero\\Documents\\GitHub\\challenge-movies\\src\\components\\ErrorBoundary\\ErrorBoundary.tsx","all":false,"statementMap":{"0":{"start":{"line":1,"column":0},"end":{"line":1,"column":66}},"1":{"start":{"line":12,"column":0},"end":{"line":12,"column":60}},"2":{"start":{"line":13,"column":0},"end":{"line":13,"column":25}},"3":{"start":{"line":14,"column":0},"end":{"line":14,"column":20}},"4":{"start":{"line":15,"column":0},"end":{"line":15,"column":4}},"5":{"start":{"line":17,"column":0},"end":{"line":17,"column":63}},"6":{"start":{"line":18,"column":0},"end":{"line":18,"column":37}},"7":{"start":{"line":19,"column":0},"end":{"line":19,"column":3}},"8":{"start":{"line":21,"column":0},"end":{"line":21,"column":64}},"9":{"start":{"line":22,"column":0},"end":{"line":22,"column":70}},"10":{"start":{"line":23,"column":0},"end":{"line":23,"column":3}},"11":{"start":{"line":25,"column":0},"end":{"line":25,"column":41}},"12":{"start":{"line":26,"column":0},"end":{"line":26,"column":29}},"13":{"start":{"line":27,"column":0},"end":{"line":27,"column":4}},"14":{"start":{"line":29,"column":0},"end":{"line":29,"column":19}},"15":{"start":{"line":30,"column":0},"end":{"line":30,"column":30}},"16":{"start":{"line":31,"column":0},"end":{"line":31,"column":14}},"17":{"start":{"line":32,"column":0},"end":{"line":32,"column":98}},"18":{"start":{"line":33,"column":0},"end":{"line":33,"column":86}},"19":{"start":{"line":34,"column":0},"end":{"line":34,"column":78}},"20":{"start":{"line":35,"column":0},"end":{"line":35,"column":46}},"21":{"start":{"line":37,"column":0},"end":{"line":37,"column":16}},"22":{"start":{"line":38,"column":0},"end":{"line":38,"column":34}},"23":{"start":{"line":39,"column":0},"end":{"line":39,"column":40}},"24":{"start":{"line":40,"column":0},"end":{"line":40,"column":79}},"25":{"start":{"line":41,"column":0},"end":{"line":41,"column":87}},"26":{"start":{"line":42,"column":0},"end":{"line":42,"column":44}},"27":{"start":{"line":43,"column":0},"end":{"line":43,"column":22}},"28":{"start":{"line":44,"column":0},"end":{"line":44,"column":24}},"29":{"start":{"line":46,"column":0},"end":{"line":46,"column":34}},"30":{"start":{"line":47,"column":0},"end":{"line":47,"column":21}},"31":{"start":{"line":48,"column":0},"end":{"line":48,"column":99}},"32":{"start":{"line":49,"column":0},"end":{"line":49,"column":44}},"33":{"start":{"line":51,"column":0},"end":{"line":51,"column":23}},"34":{"start":{"line":52,"column":0},"end":{"line":52,"column":18}},"35":{"start":{"line":53,"column":0},"end":{"line":53,"column":16}},"36":{"start":{"line":54,"column":0},"end":{"line":54,"column":14}},"37":{"start":{"line":56,"column":0},"end":{"line":56,"column":5}},"38":{"start":{"line":58,"column":0},"end":{"line":58,"column":31}},"39":{"start":{"line":59,"column":0},"end":{"line":59,"column":3}},"40":{"start":{"line":60,"column":0},"end":{"line":60,"column":1}}},"s":{"0":2,"1":2,"2":13,"3":17,"4":17,"5":17,"6":16,"7":16,"8":17,"9":8,"10":8,"11":17,"12":1,"13":1,"14":13,"15":35,"16":16,"17":16,"18":16,"19":16,"20":16,"21":16,"22":16,"23":16,"24":16,"25":16,"26":16,"27":16,"28":16,"29":16,"30":16,"31":16,"32":16,"33":16,"34":16,"35":16,"36":16,"37":16,"38":19,"39":35,"40":13},"branchMap":{"0":{"type":"branch","line":12,"loc":{"start":{"line":12,"column":7},"end":{"line":60,"column":1}},"locations":[{"start":{"line":12,"column":7},"end":{"line":60,"column":1}}]},"1":{"type":"branch","line":17,"loc":{"start":{"line":17,"column":16},"end":{"line":19,"column":3}},"locations":[{"start":{"line":17,"column":16},"end":{"line":19,"column":3}}]},"2":{"type":"branch","line":21,"loc":{"start":{"line":21,"column":9},"end":{"line":23,"column":3}},"locations":[{"start":{"line":21,"column":9},"end":{"line":23,"column":3}}]},"3":{"type":"branch","line":25,"loc":{"start":{"line":25,"column":34},"end":{"line":27,"column":4}},"locations":[{"start":{"line":25,"column":34},"end":{"line":27,"column":4}}]},"4":{"type":"branch","line":29,"loc":{"start":{"line":29,"column":9},"end":{"line":59,"column":3}},"locations":[{"start":{"line":29,"column":9},"end":{"line":59,"column":3}}]},"5":{"type":"branch","line":30,"loc":{"start":{"line":30,"column":29},"end":{"line":56,"column":5}},"locations":[{"start":{"line":30,"column":29},"end":{"line":56,"column":5}}]},"6":{"type":"branch","line":56,"loc":{"start":{"line":56,"column":4},"end":{"line":58,"column":31}},"locations":[{"start":{"line":56,"column":4},"end":{"line":58,"column":31}}]},"7":{"type":"branch","line":13,"loc":{"start":{"line":13,"column":9},"end":{"line":27,"column":4}},"locations":[{"start":{"line":13,"column":9},"end":{"line":27,"column":4}}]}},"b":{"0":[12],"1":[16],"2":[8],"3":[6],"4":[35],"5":[16],"6":[19],"7":[17]},"fnMap":{"0":{"name":"<instance_members_initializer>","decl":{"start":{"line":12,"column":7},"end":{"line":60,"column":1}},"loc":{"start":{"line":12,"column":7},"end":{"line":60,"column":1}},"line":12},"1":{"name":"getDerivedStateFromError","decl":{"start":{"line":17,"column":16},"end":{"line":19,"column":3}},"loc":{"start":{"line":17,"column":16},"end":{"line":19,"column":3}},"line":17},"2":{"name":"componentDidCatch","decl":{"start":{"line":21,"column":9},"end":{"line":23,"column":3}},"loc":{"start":{"line":21,"column":9},"end":{"line":23,"column":3}},"line":21},"3":{"name":"handleReload","decl":{"start":{"line":25,"column":34},"end":{"line":27,"column":4}},"loc":{"start":{"line":25,"column":34},"end":{"line":27,"column":4}},"line":25},"4":{"name":"render","decl":{"start":{"line":29,"column":9},"end":{"line":59,"column":3}},"loc":{"start":{"line":29,"column":9},"end":{"line":59,"column":3}},"line":29},"5":{"name":"<instance_members_initializer>","decl":{"start":{"line":13,"column":9},"end":{"line":27,"column":4}},"loc":{"start":{"line":13,"column":9},"end":{"line":27,"column":4}},"line":13}},"f":{"0":12,"1":16,"2":8,"3":1,"4":35,"5":17}}
,"C:\\Users\\AbrilAguero\\Documents\\GitHub\\challenge-movies\\src\\components\\ErrorBoundary\\index.ts": {"path":"C:\\Users\\AbrilAguero\\Documents\\GitHub\\challenge-movies\\src\\components\\ErrorBoundary\\index.ts","all":true,"statementMap":{"0":{"start":{"line":1,"column":0},"end":{"line":1,"column":48}}},"s":{"0":0},"branchMap":{"0":{"type":"branch","line":1,"loc":{"start":{"line":1,"column":48},"end":{"line":1,"column":48}},"locations":[{"start":{"line":1,"column":48},"end":{"line":1,"column":48}}]}},"b":{"0":[0]},"fnMap":{"0":{"name":"(empty-report)","decl":{"start":{"line":1,"column":48},"end":{"line":1,"column":48}},"loc":{"start":{"line":1,"column":48},"end":{"line":1,"column":48}},"line":1}},"f":{"0":0}}
,"C:\\Users\\AbrilAguero\\Documents\\GitHub\\challenge-movies\\src\\components\\HeroBanner\\HeroBanner.tsx": {"path":"C:\\Users\\AbrilAguero\\Documents\\GitHub\\challenge-movies\\src\\components\\HeroBanner\\HeroBanner.tsx","all":false,"statementMap":{"0":{"start":{"line":1,"column":0},"end":{"line":1,"column":64}},"1":{"start":{"line":2,"column":0},"end":{"line":2,"column":54}},"2":{"start":{"line":3,"column":0},"end":{"line":3,"column":75}},"3":{"start":{"line":4,"column":0},"end":{"line":4,"column":63}},"4":{"start":{"line":6,"column":0},"end":{"line":6,"column":50}},"5":{"start":{"line":7,"column":0},"end":{"line":7,"column":56}},"6":{"start":{"line":8,"column":0},"end":{"line":8,"column":39}},"7":{"start":{"line":9,"column":0},"end":{"line":9,"column":54}},"8":{"start":{"line":11,"column":0},"end":{"line":11,"column":43}},"9":{"start":{"line":12,"column":0},"end":{"line":12,"column":76}},"10":{"start":{"line":15,"column":0},"end":{"line":15,"column":32}},"11":{"start":{"line":17,"column":0},"end":{"line":17,"column":32}},"12":{"start":{"line":18,"column":0},"end":{"line":18,"column":28}},"13":{"start":{"line":19,"column":0},"end":{"line":19,"column":3}},"14":{"start":{"line":21,"column":0},"end":{"line":21,"column":19}},"15":{"start":{"line":22,"column":0},"end":{"line":22,"column":12}},"16":{"start":{"line":23,"column":0},"end":{"line":23,"column":53}},"17":{"start":{"line":25,"column":0},"end":{"line":25,"column":12}},"18":{"start":{"line":27,"column":0},"end":{"line":27,"column":3}},"19":{"start":{"line":29,"column":0},"end":{"line":29,"column":40}},"20":{"start":{"line":30,"column":0},"end":{"line":30,"column":82}},"21":{"start":{"line":31,"column":0},"end":{"line":31,"column":9}},"22":{"start":{"line":33,"column":0},"end":{"line":33,"column":10}},"23":{"start":{"line":34,"column":0},"end":{"line":34,"column":109}},"24":{"start":{"line":35,"column":0},"end":{"line":35,"column":40}},"25":{"start":{"line":36,"column":0},"end":{"line":36,"column":22}},"26":{"start":{"line":37,"column":0},"end":{"line":37,"column":16}},"27":{"start":{"line":38,"column":0},"end":{"line":38,"column":26}},"28":{"start":{"line":39,"column":0},"end":{"line":39,"column":33}},"29":{"start":{"line":40,"column":0},"end":{"line":40,"column":64}},"30":{"start":{"line":41,"column":0},"end":{"line":41,"column":12}},"31":{"start":{"line":43,"column":0},"end":{"line":43,"column":12}},"32":{"start":{"line":45,"column":0},"end":{"line":45,"column":48}},"33":{"start":{"line":46,"column":0},"end":{"line":46,"column":62}},"34":{"start":{"line":47,"column":0},"end":{"line":47,"column":51}},"35":{"start":{"line":48,"column":0},"end":{"line":48,"column":47}},"36":{"start":{"line":49,"column":0},"end":{"line":49,"column":60}},"37":{"start":{"line":50,"column":0},"end":{"line":50,"column":78}},"38":{"start":{"line":51,"column":0},"end":{"line":51,"column":68}},"39":{"start":{"line":52,"column":0},"end":{"line":52,"column":22}},"40":{"start":{"line":53,"column":0},"end":{"line":53,"column":17}},"41":{"start":{"line":54,"column":0},"end":{"line":54,"column":18}},"42":{"start":{"line":55,"column":0},"end":{"line":55,"column":79}},"43":{"start":{"line":56,"column":0},"end":{"line":56,"column":16}},"44":{"start":{"line":58,"column":0},"end":{"line":58,"column":82}},"45":{"start":{"line":59,"column":0},"end":{"line":59,"column":144}},"46":{"start":{"line":60,"column":0},"end":{"line":60,"column":25}},"47":{"start":{"line":61,"column":0},"end":{"line":61,"column":78}},"48":{"start":{"line":62,"column":0},"end":{"line":62,"column":42}},"49":{"start":{"line":63,"column":0},"end":{"line":63,"column":34}},"50":{"start":{"line":64,"column":0},"end":{"line":64,"column":16}},"51":{"start":{"line":66,"column":0},"end":{"line":66,"column":21}},"52":{"start":{"line":68,"column":0},"end":{"line":68,"column":90}},"53":{"start":{"line":69,"column":0},"end":{"line":69,"column":45}},"54":{"start":{"line":70,"column":0},"end":{"line":70,"column":17}},"55":{"start":{"line":71,"column":0},"end":{"line":71,"column":16}},"56":{"start":{"line":72,"column":0},"end":{"line":72,"column":14}},"57":{"start":{"line":73,"column":0},"end":{"line":73,"column":12}},"58":{"start":{"line":74,"column":0},"end":{"line":74,"column":14}},"59":{"start":{"line":76,"column":0},"end":{"line":76,"column":2}}},"s":{"0":2,"1":2,"2":2,"3":2,"4":2,"5":2,"6":2,"7":2,"8":2,"9":15,"10":15,"11":15,"12":5,"13":5,"14":15,"15":1,"16":1,"17":1,"18":1,"19":9,"20":9,"21":0,"22":15,"23":15,"24":15,"25":15,"26":9,"27":9,"28":9,"29":9,"30":9,"31":15,"32":15,"33":15,"34":15,"35":15,"36":15,"37":27,"38":27,"39":27,"40":15,"41":15,"42":15,"43":15,"44":15,"45":15,"46":15,"47":15,"48":15,"49":15,"50":15,"51":15,"52":15,"53":15,"54":15,"55":15,"56":15,"57":15,"58":15,"59":15},"branchMap":{"0":{"type":"branch","line":11,"loc":{"start":{"line":11,"column":36},"end":{"line":76,"column":2}},"locations":[{"start":{"line":11,"column":36},"end":{"line":76,"column":2}}]},"1":{"type":"branch","line":15,"loc":{"start":{"line":15,"column":20},"end":{"line":15,"column":32}},"locations":[{"start":{"line":15,"column":20},"end":{"line":15,"column":32}}]},"2":{"type":"branch","line":17,"loc":{"start":{"line":17,"column":6},"end":{"line":17,"column":31}},"locations":[{"start":{"line":17,"column":6},"end":{"line":17,"column":31}}]},"3":{"type":"branch","line":17,"loc":{"start":{"line":17,"column":31},"end":{"line":19,"column":3}},"locations":[{"start":{"line":17,"column":31},"end":{"line":19,"column":3}}]},"4":{"type":"branch","line":19,"loc":{"start":{"line":19,"column":2},"end":{"line":21,"column":18}},"locations":[{"start":{"line":19,"column":2},"end":{"line":21,"column":18}}]},"5":{"type":"branch","line":21,"loc":{"start":{"line":21,"column":18},"end":{"line":27,"column":3}},"locations":[{"start":{"line":21,"column":18},"end":{"line":27,"column":3}}]},"6":{"type":"branch","line":27,"loc":{"start":{"line":27,"column":2},"end":{"line":30,"column":82}},"locations":[{"start":{"line":27,"column":2},"end":{"line":30,"column":82}}]},"7":{"type":"branch","line":30,"loc":{"start":{"line":30,"column":80},"end":{"line":31,"column":9}},"locations":[{"start":{"line":30,"column":80},"end":{"line":31,"column":9}}]},"8":{"type":"branch","line":36,"loc":{"start":{"line":36,"column":9},"end":{"line":41,"column":12}},"locations":[{"start":{"line":36,"column":9},"end":{"line":41,"column":12}}]},"9":{"type":"branch","line":49,"loc":{"start":{"line":49,"column":45},"end":{"line":52,"column":22}},"locations":[{"start":{"line":49,"column":45},"end":{"line":52,"column":22}}]}},"b":{"0":[15],"1":[10],"2":[10],"3":[5],"4":[10],"5":[1],"6":[9],"7":[0],"8":[9],"9":[27]},"fnMap":{"0":{"name":"HeroBanner","decl":{"start":{"line":11,"column":36},"end":{"line":76,"column":2}},"loc":{"start":{"line":11,"column":36},"end":{"line":76,"column":2}},"line":11},"1":{"name":"onClick","decl":{"start":{"line":63,"column":25},"end":{"line":63,"column":34}},"loc":{"start":{"line":63,"column":25},"end":{"line":63,"column":34}},"line":63}},"f":{"0":15,"1":0}}
,"C:\\Users\\AbrilAguero\\Documents\\GitHub\\challenge-movies\\src\\components\\Image\\Image.tsx": {"path":"C:\\Users\\AbrilAguero\\Documents\\GitHub\\challenge-movies\\src\\components\\Image\\Image.tsx","all":false,"statementMap":{"0":{"start":{"line":1,"column":0},"end":{"line":1,"column":53}},"1":{"start":{"line":10,"column":0},"end":{"line":10,"column":50}},"2":{"start":{"line":12,"column":0},"end":{"line":12,"column":45}},"3":{"start":{"line":13,"column":0},"end":{"line":13,"column":6}},"4":{"start":{"line":14,"column":0},"end":{"line":14,"column":6}},"5":{"start":{"line":15,"column":0},"end":{"line":15,"column":33}},"6":{"start":{"line":16,"column":0},"end":{"line":16,"column":17}},"7":{"start":{"line":17,"column":0},"end":{"line":17,"column":10}},"8":{"start":{"line":18,"column":0},"end":{"line":18,"column":7}},"9":{"start":{"line":19,"column":0},"end":{"line":19,"column":52}},"10":{"start":{"line":20,"column":0},"end":{"line":20,"column":50}},"11":{"start":{"line":22,"column":0},"end":{"line":22,"column":41}},"12":{"start":{"line":23,"column":0},"end":{"line":23,"column":50}},"13":{"start":{"line":24,"column":0},"end":{"line":24,"column":24}},"14":{"start":{"line":25,"column":0},"end":{"line":25,"column":33}},"15":{"start":{"line":26,"column":0},"end":{"line":26,"column":5}},"16":{"start":{"line":27,"column":0},"end":{"line":27,"column":42}},"17":{"start":{"line":29,"column":0},"end":{"line":29,"column":40}},"18":{"start":{"line":30,"column":0},"end":{"line":30,"column":23}},"19":{"start":{"line":31,"column":0},"end":{"line":31,"column":9}},"20":{"start":{"line":33,"column":0},"end":{"line":33,"column":10}},"21":{"start":{"line":34,"column":0},"end":{"line":34,"column":8}},"22":{"start":{"line":35,"column":0},"end":{"line":35,"column":22}},"23":{"start":{"line":36,"column":0},"end":{"line":36,"column":15}},"24":{"start":{"line":37,"column":0},"end":{"line":37,"column":79}},"25":{"start":{"line":38,"column":0},"end":{"line":38,"column":49}},"26":{"start":{"line":39,"column":0},"end":{"line":39,"column":22}},"27":{"start":{"line":40,"column":0},"end":{"line":40,"column":27}},"28":{"start":{"line":41,"column":0},"end":{"line":41,"column":25}},"29":{"start":{"line":42,"column":0},"end":{"line":42,"column":16}},"30":{"start":{"line":43,"column":0},"end":{"line":43,"column":6}},"31":{"start":{"line":45,"column":0},"end":{"line":45,"column":2}}},"s":{"0":2,"1":2,"2":2,"3":138,"4":138,"5":138,"6":138,"7":138,"8":138,"9":138,"10":138,"11":138,"12":23,"13":21,"14":21,"15":21,"16":138,"17":138,"18":25,"19":138,"20":138,"21":138,"22":138,"23":138,"24":138,"25":138,"26":138,"27":138,"28":138,"29":138,"30":138,"31":138},"branchMap":{"0":{"type":"branch","line":12,"loc":{"start":{"line":12,"column":43},"end":{"line":45,"column":2}},"locations":[{"start":{"line":12,"column":43},"end":{"line":45,"column":2}}]},"1":{"type":"branch","line":38,"loc":{"start":{"line":38,"column":8},"end":{"line":38,"column":47}},"locations":[{"start":{"line":38,"column":8},"end":{"line":38,"column":47}}]},"2":{"type":"branch","line":38,"loc":{"start":{"line":38,"column":19},"end":{"line":38,"column":49}},"locations":[{"start":{"line":38,"column":19},"end":{"line":38,"column":49}}]},"3":{"type":"branch","line":22,"loc":{"start":{"line":22,"column":34},"end":{"line":27,"column":5}},"locations":[{"start":{"line":22,"column":34},"end":{"line":27,"column":5}}]},"4":{"type":"branch","line":23,"loc":{"start":{"line":23,"column":9},"end":{"line":23,"column":49}},"locations":[{"start":{"line":23,"column":9},"end":{"line":23,"column":49}}]},"5":{"type":"branch","line":23,"loc":{"start":{"line":23,"column":49},"end":{"line":26,"column":5}},"locations":[{"start":{"line":23,"column":49},"end":{"line":26,"column":5}}]},"6":{"type":"branch","line":29,"loc":{"start":{"line":29,"column":33},"end":{"line":31,"column":5}},"locations":[{"start":{"line":29,"column":33},"end":{"line":31,"column":5}}]}},"b":{"0":[138],"1":[21],"2":[117],"3":[23],"4":[21],"5":[21],"6":[25]},"fnMap":{"0":{"name":"Image","decl":{"start":{"line":12,"column":43},"end":{"line":45,"column":2}},"loc":{"start":{"line":12,"column":43},"end":{"line":45,"column":2}},"line":12}},"f":{"0":138}}
,"C:\\Users\\AbrilAguero\\Documents\\GitHub\\challenge-movies\\src\\components\\Image\\index.ts": {"path":"C:\\Users\\AbrilAguero\\Documents\\GitHub\\challenge-movies\\src\\components\\Image\\index.ts","all":true,"statementMap":{"0":{"start":{"line":1,"column":0},"end":{"line":1,"column":32}}},"s":{"0":0},"branchMap":{"0":{"type":"branch","line":1,"loc":{"start":{"line":1,"column":32},"end":{"line":1,"column":32}},"locations":[{"start":{"line":1,"column":32},"end":{"line":1,"column":32}}]}},"b":{"0":[0]},"fnMap":{"0":{"name":"(empty-report)","decl":{"start":{"line":1,"column":32},"end":{"line":1,"column":32}},"loc":{"start":{"line":1,"column":32},"end":{"line":1,"column":32}},"line":1}},"f":{"0":0}}
[...]
olumn":0},"end":{"line":11,"column":3}},"12":{"start":{"line":13,"column":0},"end":{"line":13,"column":40}},"13":{"start":{"line":14,"column":0},"end":{"line":14,"column":12}},"14":{"start":{"line":15,"column":0},"end":{"line":15,"column":55}},"15":{"start":{"line":16,"column":0},"end":{"line":16,"column":64}},"16":{"start":{"line":17,"column":0},"end":{"line":17,"column":80}},"17":{"start":{"line":18,"column":0},"end":{"line":18,"column":14}},"18":{"start":{"line":19,"column":0},"end":{"line":19,"column":57}},"20":{"start":{"line":21,"column":0},"end":{"line":21,"column":14}},"21":{"start":{"line":22,"column":0},"end":{"line":22,"column":16}},"23":{"start":{"line":24,"column":0},"end":{"line":24,"column":3}},"25":{"start":{"line":26,"column":0},"end":{"line":26,"column":10}},"26":{"start":{"line":27,"column":0},"end":{"line":27,"column":40}},"27":{"start":{"line":28,"column":0},"end":{"line":28,"column":78}},"28":{"start":{"line":29,"column":0},"end":{"line":29,"column":65}},"30":{"start":{"line":31,"column":0},"end":{"line":31,"column":13}},"31":{"start":{"line":32,"column":0},"end":{"line":32,"column":97}},"33":{"start":{"line":34,"column":0},"end":{"line":34,"column":17}},"34":{"start":{"line":35,"column":0},"end":{"line":35,"column":12}},"36":{"start":{"line":37,"column":0},"end":{"line":37,"column":76}},"37":{"start":{"line":38,"column":0},"end":{"line":38,"column":44}},"38":{"start":{"line":39,"column":0},"end":{"line":39,"column":65}},"39":{"start":{"line":40,"column":0},"end":{"line":40,"column":11}},"40":{"start":{"line":41,"column":0},"end":{"line":41,"column":12}},"41":{"start":{"line":42,"column":0},"end":{"line":42,"column":14}},"43":{"start":{"line":44,"column":0},"end":{"line":44,"column":2}}},"s":{"0":1,"1":1,"3":1,"5":1,"6":8,"8":8,"9":4,"10":4,"12":8,"13":0,"14":0,"15":0,"16":0,"17":0,"18":0,"20":0,"21":0,"23":0,"25":4,"26":4,"27":4,"28":4,"30":4,"31":4,"33":4,"34":4,"36":4,"37":4,"38":12,"39":4,"40":4,"41":4,"43":4},"branchMap":{"0":{"type":"branch","line":6,"loc":{"start":{"line":6,"column":39},"end":{"line":44,"column":2}},"locations":[{"start":{"line":6,"column":39},"end":{"line":44,"column":2}}]},"1":{"type":"branch","line":9,"loc":{"start":{"line":9,"column":17},"end":{"line":13,"column":39}},"locations":[{"start":{"line":9,"column":17},"end":{"line":13,"column":39}}]},"2":{"type":"branch","line":13,"loc":{"start":{"line":13,"column":39},"end":{"line":24,"column":3}},"locations":[{"start":{"line":13,"column":39},"end":{"line":24,"column":3}}]},"3":{"type":"branch","line":24,"loc":{"start":{"line":24,"column":2},"end":{"line":44,"column":2}},"locations":[{"start":{"line":24,"column":2},"end":{"line":44,"column":2}}]},"4":{"type":"branch","line":38,"loc":{"start":{"line":38,"column":32},"end":{"line":39,"column":65}},"locations":[{"start":{"line":38,"column":32},"end":{"line":39,"column":65}}]}},"b":{"0":[8],"1":[4],"2":[0],"3":[4],"4":[12]},"fnMap":{"0":{"name":"PopularMovies","decl":{"start":{"line":6,"column":39},"end":{"line":44,"column":2}},"loc":{"start":{"line":6,"column":39},"end":{"line":44,"column":2}},"line":6}},"f":{"0":8}}
,"C:\\Users\\AbrilAguero\\Documents\\GitHub\\challenge-movies\\src\\components\\PlayButton\\PlayButton.tsx": {"path":"C:\\Users\\AbrilAguero\\Documents\\GitHub\\challenge-movies\\src\\components\\PlayButton\\PlayButton.tsx","all":false,"statementMap":{"0":{"start":{"line":7,"column":0},"end":{"line":7,"column":28}},"1":{"start":{"line":8,"column":0},"end":{"line":8,"column":7}},"2":{"start":{"line":9,"column":0},"end":{"line":9,"column":10}},"3":{"start":{"line":10,"column":0},"end":{"line":10,"column":17}},"4":{"start":{"line":11,"column":0},"end":{"line":11,"column":10}},"5":{"start":{"line":12,"column":0},"end":{"line":12,"column":24}},"6":{"start":{"line":13,"column":0},"end":{"line":13,"column":9}},"7":{"start":{"line":14,"column":0},"end":{"line":14,"column":184}},"8":{"start":{"line":15,"column":0},"end":{"line":15,"column":21}},"9":{"start":{"line":16,"column":0},"end":{"line":16,"column":15}},"10":{"start":{"line":17,"column":0},"end":{"line":17,"column":10}},"11":{"start":{"line":18,"column":0},"end":{"line":18,"column":11}}},"s":{"0":2,"1":107,"2":107,"3":107,"4":107,"5":107,"6":107,"7":107,"8":107,"9":107,"10":107,"11":107},"branchMap":{"0":{"type":"branch","line":7,"loc":{"start":{"line":7,"column":26},"end":{"line":18,"column":11}},"locations":[{"start":{"line":7,"column":26},"end":{"line":18,"column":11}}]}},"b":{"0":[107]},"fnMap":{"0":{"name":"PlayButton","decl":{"start":{"line":7,"column":26},"end":{"line":18,"column":11}},"loc":{"start":{"line":7,"column":26},"end":{"line":18,"column":11}},"line":7}},"f":{"0":107}}
,"C:\\Users\\AbrilAguero\\Documents\\GitHub\\challenge-movies\\src\\pages\\Home\\HomePage.tsx": {"path":"C:\\Users\\AbrilAguero\\Documents\\GitHub\\challenge-movies\\src\\pages\\Home\\HomePage.tsx","all":true,"statementMap":{"0":{"start":{"line":1,"column":0},"end":{"line":1,"column":89}},"1":{"start":{"line":2,"column":0},"end":{"line":2,"column":64}},"2":{"start":{"line":3,"column":0},"end":{"line":3,"column":80}},"5":{"start":{"line":6,"column":0},"end":{"line":6,"column":41}},"6":{"start":{"line":7,"column":0},"end":{"line":7,"column":10}},"7":{"start":{"line":8,"column":0},"end":{"line":8,"column":61}},"8":{"start":{"line":9,"column":0},"end":{"line":9,"column":75}},"9":{"start":{"line":10,"column":0},"end":{"line":10,"column":32}},"10":{"start":{"line":11,"column":0},"end":{"line":11,"column":24}},"11":{"start":{"line":12,"column":0},"end":{"line":12,"column":14}},"12":{"start":{"line":13,"column":0},"end":{"line":13,"column":85}},"13":{"start":{"line":14,"column":0},"end":{"line":14,"column":48}},"14":{"start":{"line":15,"column":0},"end":{"line":15,"column":32}},"15":{"start":{"line":16,"column":0},"end":{"line":16,"column":29}},"16":{"start":{"line":17,"column":0},"end":{"line":17,"column":16}},"17":{"start":{"line":18,"column":0},"end":{"line":18,"column":14}},"18":{"start":{"line":19,"column":0},"end":{"line":19,"column":13}},"19":{"start":{"line":20,"column":0},"end":{"line":20,"column":10}},"21":{"start":{"line":22,"column":0},"end":{"line":22,"column":2}}},"s":{"0":0,"1":0,"2":0,"5":0,"6":0,"7":0,"8":0,"9":0,"10":0,"11":0,"12":0,"13":0,"14":0,"15":0,"16":0,"17":0,"18":0,"19":0,"21":0},"branchMap":{"0":{"type":"branch","line":1,"loc":{"start":{"line":1,"column":811},"end":{"line":22,"column":2}},"locations":[{"start":{"line":1,"column":811},"end":{"line":22,"column":2}}]}},"b":{"0":[0]},"fnMap":{"0":{"name":"(empty-report)","decl":{"start":{"line":1,"column":811},"end":{"line":22,"column":2}},"loc":{"start":{"line":1,"column":811},"end":{"line":22,"column":2}},"line":1}},"f":{"0":0}}
,"C:\\Users\\AbrilAguero\\Documents\\GitHub\\challenge-movies\\src\\services\\genresService.ts": {"path":"C:\\Users\\AbrilAguero\\Documents\\GitHub\\challenge-movies\\src\\services\\genresService.ts","all":true,"statementMap":{"0":{"start":{"line":1,"column":0},"end":{"line":1,"column":8}},"10":{"start":{"line":11,"column":0},"end":{"line":11,"column":68}},"13":{"start":{"line":14,"column":0},"end":{"line":14,"column":80}},"15":{"start":{"line":16,"column":0},"end":{"line":16,"column":30}},"17":{"start":{"line":18,"column":0},"end":{"line":18,"column":60}},"18":{"start":{"line":19,"column":0},"end":{"line":19,"column":43}},"21":{"start":{"line":22,"column":0},"end":{"line":22,"column":53}},"22":{"start":{"line":23,"column":0},"end":{"line":23,"column":72}},"23":{"start":{"line":24,"column":0},"end":{"line":24,"column":5}},"26":{"start":{"line":27,"column":0},"end":{"line":27,"column":39}},"27":{"start":{"line":28,"column":0},"end":{"line":28,"column":48}},"28":{"start":{"line":29,"column":0},"end":{"line":29,"column":6}},"29":{"start":{"line":30,"column":0},"end":{"line":30,"column":4}},"32":{"start":{"line":33,"column":0},"end":{"line":33,"column":55}},"33":{"start":{"line":34,"column":0},"end":{"line":34,"column":43}},"35":{"start":{"line":36,"column":0},"end":{"line":36,"column":53}},"36":{"start":{"line":37,"column":0},"end":{"line":37,"column":62}},"37":{"start":{"line":38,"column":0},"end":{"line":38,"column":5}},"39":{"start":{"line":40,"column":0},"end":{"line":40,"column":32}},"40":{"start":{"line":41,"column":0},"end":{"line":41,"column":4}},"43":{"start":{"line":44,"column":0},"end":{"line":44,"column":61}},"44":{"start":{"line":45,"column":0},"end":{"line":45,"column":44}},"46":{"start":{"line":47,"column":0},"end":{"line":47,"column":54}},"47":{"start":{"line":48,"column":0},"end":{"line":48,"column":64}},"48":{"start":{"line":49,"column":0},"end":{"line":49,"column":5}},"50":{"start":{"line":51,"column":0},"end":{"line":51,"column":33}},"51":{"start":{"line":52,"column":0},"end":{"line":52,"column":4}},"54":{"start":{"line":55,"column":0},"end":{"line":55,"column":70}},"55":{"start":{"line":56,"column":0},"end":{"line":56,"column":47}},"57":{"start":{"line":58,"column":0},"end":{"line":58,"column":44}},"58":{"start":{"line":59,"column":0},"end":{"line":59,"column":44}},"59":{"start":{"line":60,"column":0},"end":{"line":60,"column":6}},"60":{"start":{"line":61,"column":0},"end":{"line":61,"column":17}},"61":{"start":{"line":62,"column":0},"end":{"line":62,"column":46}},"62":{"start":{"line":63,"column":0},"end":{"line":63,"column":5}},"65":{"start":{"line":66,"column":0},"end":{"line":66,"column":56}},"68":{"start":{"line":69,"column":0},"end":{"line":69,"column":63}},"70":{"start":{"line":71,"column":0},"end":{"line":71,"column":24}},"71":{"start":{"line":72,"column":0},"end":{"line":72,"column":4}},"74":{"start":{"line":75,"column":0},"end":{"line":75,"column":30}},"75":{"start":{"line":76,"column":0},"end":{"line":76,"column":19}},"76":{"start":{"line":77,"column":0},"end":{"line":77,"column":39}},"77":{"start":{"line":78,"column":0},"end":{"line":78,"column":50}},"79":{"start":{"line":80,"column":0},"end":{"line":80,"column":44}},"80":{"start":{"line":81,"column":0},"end":{"line":81,"column":44}},"81":{"start":{"line":82,"column":0},"end":{"line":82,"column":6}},"82":{"start":{"line":83,"column":0},"end":{"line":83,"column":17}},"83":{"start":{"line":84,"column":0},"end":{"line":84,"column":46}},"84":{"start":{"line":85,"column":0},"end":{"line":85,"column":5}},"86":{"start":{"line":87,"column":0},"end":{"line":87,"column":64}},"88":{"start":{"line":89,"column":0},"end":{"line":89,"column":29}},"89":{"start":{"line":90,"column":0},"end":{"line":90,"column":4}},"92":{"start":{"line":93,"column":0},"end":{"line":93,"column":70}},"93":{"start":{"line":94,"column":0},"end":{"line":94,"column":50}},"95":{"start":{"line":96,"column":0},"end":{"line":96,"column":23}},"96":{"start":{"line":97,"column":0},"end":{"line":97,"column":59}},"97":{"start":{"line":98,"column":0},"end":{"line":98,"column":5}},"100":{"start":{"line":101,"column":0},"end":{"line":101,"column":52}},"101":{"start":{"line":102,"column":0},"end":{"line":102,"column":71}},"102":{"start":{"line":103,"column":0},"end":{"line":103,"column":6}},"104":{"start":{"line":105,"column":0},"end":{"line":105,"column":24}},"105":{"start":{"line":106,"column":0},"end":{"line":106,"column":47}},"106":{"start":{"line":107,"column":0},"end":{"line":107,"column":5}},"109":{"start":{"line":110,"column":0},"end":{"line":110,"column":23}},"110":{"start":{"line":111,"column":0},"end":{"line":111,"column":68}},"111":{"start":{"line":112,"column":0},"end":{"line":112,"column":37}},"112":{"start":{"line":113,"column":0},"end":{"line":113,"column":61}},"113":{"start":{"line":114,"column":0},"end":{"line":114,"column":24}},"114":{"start":{"line":115,"column":0},"end":{"line":115,"column":25}},"115":{"start":{"line":116,"column":0},"end":{"line":116,"column":23}},"116":{"start":{"line":117,"column":0},"end":{"line":117,"column":6}},"118":{"start":{"line":119,"column":0},"end":{"line":119,"column":49}},"120":{"start":{"line":121,"column":0},"end":{"line":121,"column":20}},"121":{"start":{"line":122,"column":0},"end":{"line":122,"column":4}},"122":{"start":{"line":123,"column":0},"end":{"line":123,"column":2}}},"s":{"0":0,"10":0,"13":0,"15":0,"17":0,"18":0,"21":0,"22":0,"23":0,"26":0,"27":0,"28":0,"29":0,"32":0,"33":0,"35":0,"36":0,"37":0,"39":0,"40":0,"43":0,"44":0,"46":0,"47":0,"48":0,"50":0,"51":0,"54":0,"55":0,"57":0,"58":0,"59":0,"60":0,"61":0,"62":0,"65":0,"68":0,"70":0,"71":0,"74":0,"75":0,"76":0,"77":0,"79":0,"80":0,"81":0,"82":0,"83":0,"84":0,"86":0,"88":0,"89":0,"92":0,"93":0,"95":0,"96":0,"97":0,"100":0,"101":0,"102":0,"104":0,"105":0,"106":0,"109":0,"110":0,"111":0,"112":0,"113":0,"114":0,"115":0,"116":0,"118":0,"120":0,"121":0,"122":0},"branchMap":{"0":{"type":"branch","line":1,"loc":{"start":{"line":1,"column":3852},"end":{"line":137,"column":1}},"locations":[{"start":{"line":1,"column":3852},"end":{"line":137,"column":1}}]}},"b":{"0":[0]},"fnMap":{"0":{"name":"(empty-report)","decl":{"start":{"line":1,"column":3852},"end":{"line":137,"column":1}},"loc":{"start":{"line":1,"column":3852},"end":{"line":137,"column":1}},"line":1}},"f":{"0":0}}
,"C:\\Users\\AbrilAguero\\Documents\\GitHub\\challenge-movies\\src\\services\\index.ts": {"path":"C:\\Users\\AbrilAguero\\Documents\\GitHub\\challenge-movies\\src\\services\\index.ts","all":true,"statementMap":{"0":{"start":{"line":1,"column":0},"end":{"line":1,"column":30}},"1":{"start":{"line":2,"column":0},"end":{"line":2,"column":32}}},"s":{"0":0,"1":0},"branchMap":{"0":{"type":"branch","line":1,"loc":{"start":{"line":1,"column":0},"end":{"line":2,"column":-2}},"locations":[{"start":{"line":1,"column":0},"end":{"line":2,"column":-2}}]}},"b":{"0":[0]},"fnMap":{"0":{"name":"(empty-report)","decl":{"start":{"line":1,"column":0},"end":{"line":2,"column":-2}},"loc":{"start":{"line":1,"column":0},"end":{"line":2,"column":-2}},"line":1}},"f":{"0":0}}
,"C:\\Users\\AbrilAguero\\Documents\\GitHub\\challenge-movies\\src\\services\\tmdbService.ts": {"path":"C:\\Users\\AbrilAguero\\Documents\\GitHub\\challenge-movies\\src\\services\\tmdbService.ts","all":false,"statementMap":{"0":{"start":{"line":1,"column":0},"end":{"line":1,"column":26}},"1":{"start":{"line":2,"column":0},"end":{"line":2,"column":8}},"2":{"start":{"line":3,"column":0},"end":{"line":3,"column":12}},"3":{"start":{"line":4,"column":0},"end":{"line":4,"column":15}},"4":{"start":{"line":5,"column":0},"end":{"line":5,"column":16}},"5":{"start":{"line":6,"column":0},"end":{"line":6,"column":34}},"8":{"start":{"line":9,"column":0},"end":{"line":9,"column":30}},"9":{"start":{"line":10,"column":0},"end":{"line":10,"column":25}},"10":{"start":{"line":11,"column":0},"end":{"line":11,"column":11}},"11":{"start":{"line":12,"column":0},"end":{"line":12,"column":26}},"12":{"start":{"line":13,"column":0},"end":{"line":13,"column":4}},"13":{"start":{"line":14,"column":0},"end":{"line":14,"column":3}},"15":{"start":{"line":16,"column":0},"end":{"line":16,"column":28}},"16":{"start":{"line":17,"column":0},"end":{"line":17,"column":74}},"17":{"start":{"line":18,"column":0},"end":{"line":18,"column":75}},"18":{"start":{"line":19,"column":0},"end":{"line":19,"column":23}},"19":{"start":{"line":20,"column":0},"end":{"line":20,"column":7}},"20":{"start":{"line":21,"column":0},"end":{"line":21,"column":25}},"21":{"start":{"line":22,"column":0},"end":{"line":22,"column":4}},"23":{"start":{"line":24,"column":0},"end":{"line":24,"column":75}},"24":{"start":{"line":25,"column":0},"end":{"line":25,"column":76}},"25":{"start":{"line":26,"column":0},"end":{"line":26,"column":23}},"26":{"start":{"line":27,"column":0},"end":{"line":27,"column":7}},"27":{"start":{"line":28,"column":0},"end":{"line":28,"column":25}},"28":{"start":{"line":29,"column":0},"end":{"line":29,"column":4}},"30":{"start":{"line":31,"column":0},"end":{"line":31,"column":75}},"31":{"start":{"line":32,"column":0},"end":{"line":32,"column":76}},"32":{"start":{"line":33,"column":0},"end":{"line":33,"column":23}},"33":{"start":{"line":34,"column":0},"end":{"line":34,"column":7}},"34":{"start":{"line":35,"column":0},"end":{"line":35,"column":25}},"35":{"start":{"line":36,"column":0},"end":{"line":36,"column":4}},"37":{"start":{"line":38,"column":0},"end":{"line":38,"column":77}},"38":{"start":{"line":39,"column":0},"end":{"line":39,"column":78}},"39":{"start":{"line":40,"column":0},"end":{"line":40,"column":23}},"40":{"start":{"line":41,"column":0},"end":{"line":41,"column":7}},"41":{"start":{"line":42,"column":0},"end":{"line":42,"column":25}},"42":{"start":{"line":43,"column":0},"end":{"line":43,"column":4}},"44":{"start":{"line":45,"column":0},"end":{"line":45,"column":23}},"45":{"start":{"line":46,"column":0},"end":{"line":46,"column":18}},"46":{"start":{"line":47,"column":0},"end":{"line":47,"column":20}},"47":{"start":{"line":48,"column":0},"end":{"line":48,"column":33}},"48":{"start":{"line":49,"column":0},"end":{"line":49,"column":74}},"49":{"start":{"line":50,"column":0},"end":{"line":50,"column":30}},"50":{"start":{"line":51,"column":0},"end":{"line":51,"column":7}},"51":{"start":{"line":52,"column":0},"end":{"line":52,"column":25}},"52":{"start":{"line":53,"column":0},"end":{"line":53,"column":4}},"54":{"start":{"line":55,"column":0},"end":{"line":55,"column":63}},"55":{"start":{"line":56,"column":0},"end":{"line":56,"column":67}},"56":{"start":{"line":57,"column":0},"end":{"line":57,"column":25}},"57":{"start":{"line":58,"column":0},"end":{"line":58,"column":4}},"59":{"start":{"line":60,"column":0},"end":{"line":60,"column":54}},"60":{"start":{"line":61,"column":0},"end":{"line":61,"column":60}},"61":{"start":{"line":62,"column":0},"end":{"line":62,"column":25}},"62":{"start":{"line":63,"column":0},"end":{"line":63,"column":4}},"63":{"start":{"line":64,"column":0},"end":{"line":64,"column":2}}},"s":{"0":1,"1":1,"2":1,"3":1,"4":1,"5":1,"8":1,"9":1,"10":1,"11":1,"12":1,"13":1,"15":1,"16":1,"17":8,"18":8,"19":8,"20":8,"21":8,"23":1,"24":0,"25":0,"26":0,"27":0,"28":0,"30":1,"31":0,"32":0,"33":0,"34":0,"35":0,"37":1,"38":4,"39":4,"40":4,"41":4,"42":4,"44":1,"45":0,"46":0,"47":0,"48":0,"49":0,"50":0,"51":0,"52":0,"54":1,"55":0,"56":0,"57":0,"59":1,"60":14,"61":14,"62":14,"63":1},"branchMap":{"0":{"type":"branch","line":17,"loc":{"start":{"line":17,"column":20},"end":{"line":22,"column":4}},"locations":[{"start":{"line":17,"column":20},"end":{"line":22,"column":4}}]},"1":{"type":"branch","line":38,"loc":{"start":{"line":38,"column":23},"end":{"line":43,"column":4}},"locations":[{"start":{"line":38,"column":23},"end":{"line":43,"column":4}}]},"2":{"type":"branch","line":60,"loc":{"start":{"line":60,"column":13},"end":{"line":63,"column":4}},"locations":[{"start":{"line":60,"column":13},"end":{"line":63,"column":4}}]}},"b":{"0":[8],"1":[4],"2":[14]},"fnMap":{"0":{"name":"getPopularMovies","decl":{"start":{"line":17,"column":20},"end":{"line":22,"column":4}},"loc":{"start":{"line":17,"column":20},"end":{"line":22,"column":4}},"line":17},"1":{"name":"getTopRatedMovies","decl":{"start":{"line":24,"column":21},"end":{"line":29,"column":4}},"loc":{"start":{"line":24,"column":21},"end":{"line":29,"column":4}},"line":24},"2":{"name":"getUpcomingMovies","decl":{"start":{"line":31,"column":21},"end":{"line":36,"column":4}},"loc":{"start":{"line":31,"column":21},"end":{"line":36,"column":4}},"line":31},"3":{"name":"getNowPlayingMovies","decl":{"start":{"line":38,"column":23},"end":{"line":43,"column":4}},"loc":{"start":{"line":38,"column":23},"end":{"line":43,"column":4}},"line":38},"4":{"name":"searchMovies","decl":{"start":{"line":45,"column":16},"end":{"line":53,"column":4}},"loc":{"start":{"line":45,"column":16},"end":{"line":53,"column":4}},"line":45},"5":{"name":"getMovieDetails","decl":{"start":{"line":55,"column":19},"end":{"line":58,"column":4}},"loc":{"start":{"line":55,"column":19},"end":{"line":58,"column":4}},"line":55},"6":{"name":"getGenres","decl":{"start":{"line":60,"column":13},"end":{"line":63,"column":4}},"loc":{"start":{"line":60,"column":13},"end":{"line":63,"column":4}},"line":60}},"f":{"0":8,"1":0,"2":0,"3":4,"4":0,"5":0,"6":14}}
}
